1521363060649	geckodriver	INFO	geckodriver 0.19.0
1521363060662	geckodriver	INFO	Listening on 127.0.0.1:54396
1521363061237	mozrunner::runner	INFO	Running command: "C:\\Program Files (x86)\\Mozilla Firefox\\firefox.exe" "-marionette" "-profile" "C:\\Users\\ADMINI~1\\AppData\\Local\\Temp\\rust_mozprofile.98jjG3K1yfKj"
1521363061949	Marionette	INFO	Enabled via --marionette
Unable to read VR Path Registry from C:\Users\Administrator\AppData\Local\openvr\openvrpaths.vrpath
[Parent 14612, Gecko_IOThread] WARNING: pipe error: 109: file z:/build/build/src/ipc/chromium/src/chrome/common/ipc_channel_win.cc, line 346
Unable to read VR Path Registry from C:\Users\Administrator\AppData\Local\openvr\openvrpaths.vrpath
[Child 15048, Chrome_ChildThread] WARNING: pipe error: 109: file z:/build/build/src/ipc/chromium/src/chrome/common/ipc_channel_win.cc, line 346
[Child 15048, Chrome_ChildThread] WARNING: pipe error: 109: file z:/build/build/src/ipc/chromium/src/chrome/common/ipc_channel_win.cc, line 346
1521363064901	Marionette	INFO	Listening on port 54400
1521363065655	Marionette	WARN	TLS certificate errors will be ignored for this session
1521363065717	Marionette	DEBUG	Register listener.js for window 4294967297
1521363065753	Marionette	DEBUG	Received DOM event "beforeunload" for "about:blank"
1521363065854	Marionette	DEBUG	Received DOM event "pagehide" for "about:blank"
1521363065855	Marionette	DEBUG	Received DOM event "unload" for "about:blank"
Unable to read VR Path Registry from C:\Users\Administrator\AppData\Local\openvr\openvrpaths.vrpath
JavaScript error: https://ss1.bdstatic.com/5eN1bjq8AAUYm2zgoY3K/r/www/cache/static/protocol/https/plugins/every_cookie_4644b13.js, line 4: ReferenceError: c is not defined
1521363066139	Marionette	DEBUG	Received DOM event "DOMContentLoaded" for "https://www.baidu.com/"
1521363066198	Marionette	DEBUG	Received DOM event "pageshow" for "https://www.baidu.com/"
JavaScript error: https://sp0.baidu.com/5a1Fazu8AA54nxGko9WTAnF6hhy/su?wd=sele&json=1&p=3&sid=1455_21112_18559_17001_20719&req=2&csor=4&pwd=sel&cb=jQuery110207090569967767084_1521363066039&_=1521363066044, line 1: TypeError: jQuery110207090569967767084_1521363066039 is not a function
JavaScript error: https://sp0.baidu.com/5a1Fazu8AA54nxGko9WTAnF6hhy/su?wd=selen&json=1&p=3&sid=1455_21112_18559_17001_20719&req=2&csor=5&pwd=sele&cb=jQuery110207090569967767084_1521363066039&_=1521363066045, line 1: TypeError: jQuery110207090569967767084_1521363066039 is not a function
JavaScript error: https://sp0.baidu.com/5a1Fazu8AA54nxGko9WTAnF6hhy/su?wd=seleni&json=1&p=3&sid=1455_21112_18559_17001_20719&req=2&csor=6&pwd=selen&cb=jQuery110207090569967767084_1521363066039&_=1521363066046, line 1: TypeError: jQuery110207090569967767084_1521363066039 is not a function
JavaScript error: https://sp0.baidu.com/5a1Fazu8AA54nxGko9WTAnF6hhy/su?wd=selenium&json=1&p=3&sid=1455_21112_18559_17001_20719&req=2&csor=8&pwd=seleniu&cb=jQuery110207090569967767084_1521363066039&_=1521363066048, line 1: TypeError: jQuery110207090569967767084_1521363066039 is not a function
1521363066576	Marionette	DEBUG	Received DOM event "beforeunload" for "https://www.baidu.com/s?ie=utf-8&f=8&rsv_bp=0&rsv_idx=1&tn=baidu&wd=selenium&rsv_pq=b9619a5000016a6b&rsv_t=9a47EPIws5EF%2B4439igiJb6sAqKQxLoJUTw7SCBic4Dtd%2Btj1oy8c8xoCrE&rqlang=cn&rsv_enter=0&rsv_sug3=8&inputT=241&rsv_sug4=241"
1521363066629	Marionette	DEBUG	Received DOM event "pagehide" for "https://www.baidu.com/s?ie=utf-8&f=8&rsv_bp=0&rsv_idx=1&tn=baidu&wd=selenium&rsv_pq=b9619a5000016a6b&rsv_t=9a47EPIws5EF%2B4439igiJb6sAqKQxLoJUTw7SCBic4Dtd%2Btj1oy8c8xoCrE&rqlang=cn&rsv_enter=0&rsv_sug3=8&inputT=241&rsv_sug4=241"
1521363066630	Marionette	DEBUG	Received DOM event "unload" for "https://www.baidu.com/s?ie=utf-8&f=8&rsv_bp=0&rsv_idx=1&tn=baidu&wd=selenium&rsv_pq=b9619a5000016a6b&rsv_t=9a47EPIws5EF%2B4439igiJb6sAqKQxLoJUTw7SCBic4Dtd%2Btj1oy8c8xoCrE&rqlang=cn&rsv_enter=0&rsv_sug3=8&inputT=241&rsv_sug4=241"
1521363066645	Marionette	DEBUG	Received DOM event "pageshow" for "https://www.baidu.com/s?ie=utf-8&f=8&rsv_bp=0&rsv_idx=1&tn=baidu&wd=selenium&rsv_pq=b9619a5000016a6b&rsv_t=9a47EPIws5EF%2B4439igiJb6sAqKQxLoJUTw7SCBic4Dtd%2Btj1oy8c8xoCrE&rqlang=cn&rsv_enter=0&rsv_sug3=8&inputT=241&rsv_sug4=241&__eis=1&__eist=260"
1521363066647	Marionette	DEBUG	Received DOM event "DOMContentLoaded" for "https://www.baidu.com/s?ie=utf-8&f=8&rsv_bp=0&rsv_idx=1&tn=baidu&wd=selenium&rsv_pq=b9619a5000016a6b&rsv_t=9a47EPIws5EF%2B4439igiJb6sAqKQxLoJUTw7SCBic4Dtd%2Btj1oy8c8xoCrE&rqlang=cn&rsv_enter=0&rsv_sug3=8&inputT=241&rsv_sug4=241&__eis=1&__eist=260"
1521363066654	Marionette	DEBUG	Received DOM event "DOMContentLoaded" for "data:text/html;base64,PGh0bWw+PG1ldGEgaHR0cC1lcXVpdj0iUmVmcmVzaCIgY29udGVudD0iMDtodHRwczovL3d3dy5iYWlkdS5jb20vcz93ZD1zZWxlbml1bSZpZT11dGYtOCZ0bj05NTY2MjAwM19oYW9fcGciLz48L2h0bWw+"
1521363066657	Marionette	DEBUG	Received DOM event "pageshow" for "data:text/html;base64,PGh0bWw+PG1ldGEgaHR0cC1lcXVpdj0iUmVmcmVzaCIgY29udGVudD0iMDtodHRwczovL3d3dy5iYWlkdS5jb20vcz93ZD1zZWxlbml1bSZpZT11dGYtOCZ0bj05NTY2MjAwM19oYW9fcGciLz48L2h0bWw+"
JavaScript error: chrome://pippki/content/exceptionDialog.js, line 326: NS_ERROR_XPC_GS_RETURNED_FAILURE: Component returned failure code: 0x80570016 (NS_ERROR_XPC_GS_RETURNED_FAILURE) [nsIJSCID.getService]
JavaScript error: chrome://pippki/content/exceptionDialog.js, line 326: NS_ERROR_XPC_GS_RETURNED_FAILURE: Component returned failure code: 0x80570016 (NS_ERROR_XPC_GS_RETURNED_FAILURE) [nsIJSCID.getService]
JavaScript error: chrome://pippki/content/exceptionDialog.js, line 326: NS_ERROR_XPC_GS_RETURNED_FAILURE: Component returned failure code: 0x80570016 (NS_ERROR_XPC_GS_RETURNED_FAILURE) [nsIJSCID.getService]
JavaScript error: chrome://pippki/content/exceptionDialog.js, line 326: NS_ERROR_XPC_GS_RETURNED_FAILURE: Component returned failure code: 0x80570016 (NS_ERROR_XPC_GS_RETURNED_FAILURE) [nsIJSCID.getService]
JavaScript error: chrome://pippki/content/exceptionDialog.js, line 326: NS_ERROR_XPC_GS_RETURNED_FAILURE: Component returned failure code: 0x80570016 (NS_ERROR_XPC_GS_RETURNED_FAILURE) [nsIJSCID.getService]
JavaScript error: chrome://pippki/content/exceptionDialog.js, line 326: NS_ERROR_XPC_GS_RETURNED_FAILURE: Component returned failure code: 0x80570016 (NS_ERROR_XPC_GS_RETURNED_FAILURE) [nsIJSCID.getService]
JavaScript error: chrome://pippki/content/exceptionDialog.js, line 326: NS_ERROR_XPC_GS_RETURNED_FAILURE: Component returned failure code: 0x80570016 (NS_ERROR_XPC_GS_RETURNED_FAILURE) [nsIJSCID.getService]
JavaScript error: chrome://pippki/content/exceptionDialog.js, line 32: Error: 2147500034
JavaScript error: chrome://pippki/content/exceptionDialog.js, line 32: Error: 2147500034
JavaScript error: chrome://pippki/content/exceptionDialog.js, line 32: Error: 2147500034
JavaScript error: chrome://pippki/content/exceptionDialog.js, line 32: Error: 2147500034
JavaScript error: chrome://pippki/content/exceptionDialog.js, line 32: Error: 2147500034
JavaScript error: chrome://pippki/content/exceptionDialog.js, line 32: Error: 2147500034
JavaScript error: chrome://pippki/content/exceptionDialog.js, line 32: Error: 2147500034
JavaScript error: chrome://pippki/content/exceptionDialog.js, line 32: Error: 2147500034
JavaScript error: chrome://pippki/content/exceptionDialog.js, line 32: Error: 2147500034
JavaScript error: chrome://pippki/content/exceptionDialog.js, line 32: Error: 2147500034
JavaScript error: chrome://pippki/content/exceptionDialog.js, line 32: Error: 2147500034
JavaScript error: chrome://pippki/content/exceptionDialog.js, line 32: Error: 2147500034
JavaScript error: chrome://pippki/content/exceptionDialog.js, line 32: Error: 2147500034
JavaScript error: chrome://pippki/content/exceptionDialog.js, line 32: Error: 2147500034
JavaScript error: chrome://pippki/content/exceptionDialog.js, line 32: Error: 2147500034
JavaScript error: chrome://pippki/content/exceptionDialog.js, line 32: Error: 2147500034
JavaScript error: chrome://pippki/content/exceptionDialog.js, line 32: Error: 2147500034
JavaScript error: chrome://pippki/content/exceptionDialog.js, line 326: NS_ERROR_XPC_GS_RETURNED_FAILURE: Component returned failure code: 0x80570016 (NS_ERROR_XPC_GS_RETURNED_FAILURE) [nsIJSCID.getService]
JavaScript error: chrome://pippki/content/exceptionDialog.js, line 326: NS_ERROR_XPC_GS_RETURNED_FAILURE: Component returned failure code: 0x80570016 (NS_ERROR_XPC_GS_RETURNED_FAILURE) [nsIJSCID.getService]
JavaScript error: chrome://pippki/content/exceptionDialog.js, line 326: NS_ERROR_XPC_GS_RETURNED_FAILURE: Component returned failure code: 0x80570016 (NS_ERROR_XPC_GS_RETURNED_FAILURE) [nsIJSCID.getService]
JavaScript error: chrome://pippki/content/exceptionDialog.js, line 326: NS_ERROR_XPC_GS_RETURNED_FAILURE: Component returned failure code: 0x80570016 (NS_ERROR_XPC_GS_RETURNED_FAILURE) [nsIJSCID.getService]
JavaScript error: chrome://pippki/content/exceptionDialog.js, line 326: NS_ERROR_XPC_GS_RETURNED_FAILURE: Component returned failure code: 0x80570016 (NS_ERROR_XPC_GS_RETURNED_FAILURE) [nsIJSCID.getService]
1521363201769	addons.productaddons	WARN	Failed downloading XML, status: 0, reason: error
1521363203152	addons.productaddons	WARN	Failed downloading via XHR, status: 0, reason: error
[Parent 14612, Gecko_IOThread] WARNING: pipe error: 109: file z:/build/build/src/ipc/chromium/src/chrome/common/ipc_channel_win.cc, line 346
Unable to read VR Path Registry from C:\Users\Administrator\AppData\Local\openvr\openvrpaths.vrpath
[Child 15108, Chrome_ChildThread] WARNING: pipe error: 109: file z:/build/build/src/ipc/chromium/src/chrome/common/ipc_channel_win.cc, line 346
[Child 14836, Chrome_ChildThread] WARNING: pipe error: 109: file z:/build/build/src/ipc/chromium/src/chrome/common/ipc_channel_win.cc, line 346
[Child 14836, Chrome_ChildThread] WARNING: pipe error: 109: file z:/build/build/src/ipc/chromium/src/chrome/common/ipc_channel_win.cc, line 346
Unable to read VR Path Registry from C:\Users\Administrator\AppData\Local\openvr\openvrpaths.vrpath
[GPU 2480, Chrome_ChildThread] WARNING: pipe error: 109: file z:/build/build/src/ipc/chromium/src/chrome/common/ipc_channel_win.cc, line 346

###!!! [Child][MessageChannel::SendAndWait] Error: Channel error: cannot send/recv

1521365600951	geckodriver	INFO	geckodriver 0.19.0
1521365600962	geckodriver	INFO	Listening on 127.0.0.1:54855
1521365602392	mozrunner::runner	INFO	Running command: "C:\\Program Files (x86)\\Mozilla Firefox\\firefox.exe" "-marionette" "-profile" "C:\\Users\\ADMINI~1\\AppData\\Local\\Temp\\rust_mozprofile.ouKbu7SoQsLI"
1521365602610	addons.manager	DEBUG	Application has been upgraded
1521365602645	addons.manager	DEBUG	Loaded provider scope for resource://gre/modules/addons/XPIProvider.jsm: ["XPIProvider", "XPIInternal"]
1521365602648	addons.manager	DEBUG	Loaded provider scope for resource://gre/modules/LightweightThemeManager.jsm: ["LightweightThemeManager"]
1521365602669	addons.manager	DEBUG	Loaded provider scope for resource://gre/modules/addons/GMPProvider.jsm
1521365602671	addons.manager	DEBUG	Loaded provider scope for resource://gre/modules/addons/PluginProvider.jsm
1521365602672	addons.manager	DEBUG	Starting provider: XPIProvider
1521365602672	addons.xpi	DEBUG	startup
1521365602672	addons.xpi	INFO	SystemAddonInstallLocation directory is missing
1521365602673	addons.xpi	INFO	Removing all system add-on upgrades.
1521365602673	addons.xpi	DEBUG	checkForChanges
1521365602674	addons.xpi	DEBUG	Loaded add-on state: {"app-profile":{"addons":{"coba@mozilla.com.cn":{"enabled":true,"lastModifiedTime":1510119807177,"path":"coba@mozilla.com.cn.xpi","version":"4.57","type":"webextension","bootstrapped":true,"dependencies":[],"runInSafeMode":false,"hasEmbeddedWebExtension":false},"easyscreenshot@mozillaonline.com":{"enabled":false,"lastModifiedTime":1508558300022,"path":"easyscreenshot@mozillaonline.com.xpi","version":"2.53.1","bootstrapped":true,"dependencies":[],"runInSafeMode":false,"hasEmbeddedWebExtension":true},"tabtweak@mozillaonline.com":{"enabled":true,"lastModifiedTime":1511488181236,"path":"tabtweak@mozillaonline.com.xpi","version":"4.57"},"wx-assistant@mozillaonline.com":{"enabled":true,"lastModifiedTime":1508558300060,"path":"wx-assistant@mozillaonline.com.xpi","version":"2.0.2","type":"webextension","bootstrapped":true,"dependencies":[],"runInSafeMode":false,"hasEmbeddedWebExtension":false}},"path":"C:\\Users\\Administrator\\AppData\\Roaming\\Mozilla\\Firefox\\Profiles\\yn80ouvt.default\\extensions"},"app-system-defaults":{"addons":{"aushelper@mozilla.org":{"enabled":true,"lastModifiedTime":1513819759968,"path":"aushelper@mozilla.org.xpi","version":"2.0","bootstrapped":true,"dependencies":[],"runInSafeMode":true,"hasEmbeddedWebExtension":false},"e10srollout@mozilla.org":{"enabled":true,"lastModifiedTime":1513819759961,"path":"e10srollout@mozilla.org.xpi","version":"3.05","bootstrapped":true,"dependencies":[],"runInSafeMode":true,"hasEmbeddedWebExtension":false},"firefox@getpocket.com":{"enabled":true,"lastModifiedTime":1513819759953,"path":"firefox@getpocket.com.xpi","version":"1.0.5","bootstrapped":true,"dependencies":[],"runInSafeMode":true,"hasEmbeddedWebExtension":false},"screenshots@mozilla.org":{"enabled":true,"lastModifiedTime":1511488177187,"path":"screenshots@mozilla.org.xpi","version":"19.2.0","bootstrapped":true,"dependencies":[],"runInSafeMode":true,"hasEmbeddedWebExtension":false},"webcompat@mozilla.org":{"enabled":true,"lastModifiedTime":1513819759900,"path":"webcompat@mozilla.org.xpi","version":"1.1","bootstrapped":true,"dependencies":[],"runInSafeMode":true,"hasEmbeddedWebExtension":false},"activity-stream@mozilla.org":{"enabled":true,"lastModifiedTime":1513819760015,"path":"activity-stream@mozilla.org.xpi","version":"2017.11.07.1100-7f4e3634","bootstrapped":true,"dependencies":[],"runInSafeMode":true,"hasEmbeddedWebExtension":false},"followonsearch@mozilla.com":{"enabled":true,"lastModifiedTime":1511488177212,"path":"followonsearch@mozilla.com.xpi","version":"0.9.6","bootstrapped":true,"dependencies":[],"runInSafeMode":true,"hasEmbeddedWebExtension":false},"formautofill@mozilla.org":{"enabled":true,"lastModifiedTime":1513819759936,"path":"formautofill@mozilla.org.xpi","version":"1.0","bootstrapped":true,"dependencies":[],"runInSafeMode":true,"hasEmbeddedWebExtension":false},"onboarding@mozilla.org":{"enabled":true,"lastModifiedTime":1513819759926,"path":"onboarding@mozilla.org.xpi","version":"1.0","bootstrapped":true,"dependencies":[],"runInSafeMode":true,"hasEmbeddedWebExtension":false},"shield-recipe-client@mozilla.org":{"enabled":true,"lastModifiedTime":1513819759914,"path":"shield-recipe-client@mozilla.org.xpi","version":"76.1","bootstrapped":true,"dependencies":[],"runInSafeMode":true,"hasEmbeddedWebExtension":false}},"path":"C:\\Program Files (x86)\\Mozilla Firefox\\browser\\features"},"app-global":{"addons":{"{972ce4c6-7e08-4474-a285-3208198ce6fd}":{"enabled":true,"lastModifiedTime":1513819760034,"path":"{972ce4c6-7e08-4474-a285-3208198ce6fd}.xpi","version":"57.0.2","type":"theme","currentModifiedTime":1514510302378}},"path":"C:\\Program Files (x86)\\Mozilla Firefox\\browser\\extensions","checkStartupModifications":true,"changed":true}}
1521365602676	addons.xpi	INFO	Mapping coba@mozilla.com.cn to C:\Users\Administrator\AppData\Local\Temp\rust_mozprofile.ouKbu7SoQsLI\extensions\coba@mozilla.com.cn.xpi
1521365602676	addons.xpi	INFO	Mapping tabtweak@mozillaonline.com to C:\Users\Administrator\AppData\Local\Temp\rust_mozprofile.ouKbu7SoQsLI\extensions\tabtweak@mozillaonline.com.xpi
1521365602676	addons.xpi	INFO	Mapping wx-assistant@mozillaonline.com to C:\Users\Administrator\AppData\Local\Temp\rust_mozprofile.ouKbu7SoQsLI\extensions\wx-assistant@mozillaonline.com.xpi
1521365602677	addons.xpi	INFO	Mapping coba@mozilla.com.cn to C:\Users\Administrator\AppData\Local\Temp\rust_mozprofile.ouKbu7SoQsLI\extensions\coba@mozilla.com.cn.xpi
1521365602677	addons.xpi	INFO	Mapping easyscreenshot@mozillaonline.com to C:\Users\Administrator\AppData\Local\Temp\rust_mozprofile.ouKbu7SoQsLI\extensions\easyscreenshot@mozillaonline.com.xpi
1521365602677	addons.xpi	INFO	Mapping tabtweak@mozillaonline.com to C:\Users\Administrator\AppData\Local\Temp\rust_mozprofile.ouKbu7SoQsLI\extensions\tabtweak@mozillaonline.com.xpi
1521365602678	addons.xpi	INFO	Mapping wx-assistant@mozillaonline.com to C:\Users\Administrator\AppData\Local\Temp\rust_mozprofile.ouKbu7SoQsLI\extensions\wx-assistant@mozillaonline.com.xpi
1521365602678	addons.xpi	DEBUG	Changed add-on coba@mozilla.com.cn in app-profile
1521365602679	addons.xpi	DEBUG	Changed add-on easyscreenshot@mozillaonline.com in app-profile
1521365602680	addons.xpi	DEBUG	Changed add-on tabtweak@mozillaonline.com in app-profile
1521365602680	addons.xpi	DEBUG	Changed add-on wx-assistant@mozillaonline.com in app-profile
1521365602681	addons.xpi	INFO	Mapping aushelper@mozilla.org to C:\Program Files (x86)\Mozilla Firefox\browser\features\aushelper@mozilla.org.xpi
1521365602682	addons.xpi	INFO	Mapping e10srollout@mozilla.org to C:\Program Files (x86)\Mozilla Firefox\browser\features\e10srollout@mozilla.org.xpi
1521365602682	addons.xpi	INFO	Mapping firefox@getpocket.com to C:\Program Files (x86)\Mozilla Firefox\browser\features\firefox@getpocket.com.xpi
1521365602682	addons.xpi	INFO	Mapping screenshots@mozilla.org to C:\Program Files (x86)\Mozilla Firefox\browser\features\screenshots@mozilla.org.xpi
1521365602682	addons.xpi	INFO	Mapping webcompat@mozilla.org to C:\Program Files (x86)\Mozilla Firefox\browser\features\webcompat@mozilla.org.xpi
1521365602682	addons.xpi	INFO	Mapping activity-stream@mozilla.org to C:\Program Files (x86)\Mozilla Firefox\browser\features\activity-stream@mozilla.org.xpi
1521365602683	addons.xpi	INFO	Mapping followonsearch@mozilla.com to C:\Program Files (x86)\Mozilla Firefox\browser\features\followonsearch@mozilla.com.xpi
1521365602683	addons.xpi	INFO	Mapping formautofill@mozilla.org to C:\Program Files (x86)\Mozilla Firefox\browser\features\formautofill@mozilla.org.xpi
1521365602683	addons.xpi	INFO	Mapping onboarding@mozilla.org to C:\Program Files (x86)\Mozilla Firefox\browser\features\onboarding@mozilla.org.xpi
1521365602683	addons.xpi	INFO	Mapping shield-recipe-client@mozilla.org to C:\Program Files (x86)\Mozilla Firefox\browser\features\shield-recipe-client@mozilla.org.xpi
1521365602683	addons.xpi	INFO	Mapping activity-stream@mozilla.org to C:\Program Files (x86)\Mozilla Firefox\browser\features\activity-stream@mozilla.org.xpi
1521365602683	addons.xpi	INFO	Mapping aushelper@mozilla.org to C:\Program Files (x86)\Mozilla Firefox\browser\features\aushelper@mozilla.org.xpi
1521365602684	addons.xpi	INFO	Mapping e10srollout@mozilla.org to C:\Program Files (x86)\Mozilla Firefox\browser\features\e10srollout@mozilla.org.xpi
1521365602684	addons.xpi	INFO	Mapping firefox@getpocket.com to C:\Program Files (x86)\Mozilla Firefox\browser\features\firefox@getpocket.com.xpi
1521365602684	addons.xpi	INFO	Mapping followonsearch@mozilla.com to C:\Program Files (x86)\Mozilla Firefox\browser\features\followonsearch@mozilla.com.xpi
1521365602684	addons.xpi	INFO	Mapping formautofill@mozilla.org to C:\Program Files (x86)\Mozilla Firefox\browser\features\formautofill@mozilla.org.xpi
1521365602684	addons.xpi	INFO	Mapping onboarding@mozilla.org to C:\Program Files (x86)\Mozilla Firefox\browser\features\onboarding@mozilla.org.xpi
1521365602684	addons.xpi	INFO	Mapping screenshots@mozilla.org to C:\Program Files (x86)\Mozilla Firefox\browser\features\screenshots@mozilla.org.xpi
1521365602684	addons.xpi	INFO	Mapping shield-recipe-client@mozilla.org to C:\Program Files (x86)\Mozilla Firefox\browser\features\shield-recipe-client@mozilla.org.xpi
1521365602684	addons.xpi	INFO	Mapping webcompat@mozilla.org to C:\Program Files (x86)\Mozilla Firefox\browser\features\webcompat@mozilla.org.xpi
1521365602685	addons.xpi	DEBUG	Changed add-on activity-stream@mozilla.org in app-system-defaults
1521365602685	addons.xpi	DEBUG	Changed add-on aushelper@mozilla.org in app-system-defaults
1521365602686	addons.xpi	DEBUG	Changed add-on e10srollout@mozilla.org in app-system-defaults
1521365602686	addons.xpi	DEBUG	Changed add-on firefox@getpocket.com in app-system-defaults
1521365602687	addons.xpi	DEBUG	Existing add-on followonsearch@mozilla.com in app-system-defaults
1521365602687	addons.xpi	DEBUG	Changed add-on formautofill@mozilla.org in app-system-defaults
1521365602688	addons.xpi	DEBUG	Changed add-on onboarding@mozilla.org in app-system-defaults
1521365602688	addons.xpi	DEBUG	Existing add-on screenshots@mozilla.org in app-system-defaults
1521365602688	addons.xpi	DEBUG	Changed add-on shield-recipe-client@mozilla.org in app-system-defaults
1521365602689	addons.xpi	DEBUG	Changed add-on webcompat@mozilla.org in app-system-defaults
1521365602689	addons.xpi	INFO	Mapping {972ce4c6-7e08-4474-a285-3208198ce6fd} to C:\Program Files (x86)\Mozilla Firefox\browser\extensions\{972ce4c6-7e08-4474-a285-3208198ce6fd}.xpi
1521365602690	addons.xpi	INFO	Mapping {972ce4c6-7e08-4474-a285-3208198ce6fd} to C:\Program Files (x86)\Mozilla Firefox\browser\extensions\{972ce4c6-7e08-4474-a285-3208198ce6fd}.xpi
1521365602691	addons.xpi	DEBUG	Existing add-on {972ce4c6-7e08-4474-a285-3208198ce6fd} in app-global
1521365602691	addons.xpi	DEBUG	getInstallState changed: true, state: {}
1521365602691	addons.xpi	INFO	SystemAddonInstallLocation directory is missing
1521365602696	addons.xpi-utils	DEBUG	Opening XPI database C:\Users\Administrator\AppData\Local\Temp\rust_mozprofile.ouKbu7SoQsLI\extensions.json
1521365602700	addons.xpi-utils	DEBUG	Successfully read XPI database
1521365602702	addons.xpi-utils	DEBUG	Add-on easyscreenshot@mozillaonline.com modified in app-profile
1521365602739	DeferredSave.webext.sc.lz4	DEBUG	Save changes
1521365602740	DeferredSave.webext.sc.lz4	DEBUG	Starting timer
1521365602759	DeferredSave.webext.sc.lz4	DEBUG	Save changes
1521365602773	DeferredSave.webext.sc.lz4	DEBUG	Save changes
1521365602773	DeferredSave.webext.sc.lz4	DEBUG	Save changes
1521365602773	DeferredSave.webext.sc.lz4	DEBUG	Save changes
1521365602774	DeferredSave.webext.sc.lz4	DEBUG	Save changes
1521365602775	DeferredSave.webext.sc.lz4	DEBUG	Save changes
1521365602776	DeferredSave.webext.sc.lz4	DEBUG	Save changes
1521365602777	DeferredSave.webext.sc.lz4	DEBUG	Save changes
1521365602778	DeferredSave.webext.sc.lz4	DEBUG	Save changes
1521365602779	DeferredSave.webext.sc.lz4	DEBUG	Save changes
1521365602779	DeferredSave.webext.sc.lz4	DEBUG	Save changes
1521365602780	DeferredSave.webext.sc.lz4	DEBUG	Save changes
1521365602780	DeferredSave.webext.sc.lz4	DEBUG	Save changes
1521365602781	DeferredSave.webext.sc.lz4	DEBUG	Save changes
1521365602782	DeferredSave.webext.sc.lz4	DEBUG	Save changes
1521365602783	DeferredSave.webext.sc.lz4	DEBUG	Save changes
1521365602783	DeferredSave.webext.sc.lz4	DEBUG	Save changes
1521365602784	DeferredSave.webext.sc.lz4	DEBUG	Save changes
1521365602785	DeferredSave.webext.sc.lz4	DEBUG	Save changes
1521365602786	DeferredSave.webext.sc.lz4	DEBUG	Save changes
1521365602786	DeferredSave.webext.sc.lz4	DEBUG	Save changes
1521365602787	DeferredSave.webext.sc.lz4	DEBUG	Save changes
1521365602788	DeferredSave.webext.sc.lz4	DEBUG	Save changes
1521365602791	DeferredSave.webext.sc.lz4	DEBUG	Save changes
1521365602791	DeferredSave.webext.sc.lz4	DEBUG	Save changes
1521365602792	DeferredSave.webext.sc.lz4	DEBUG	Save changes
1521365602792	DeferredSave.webext.sc.lz4	DEBUG	Save changes
1521365602793	DeferredSave.webext.sc.lz4	DEBUG	Save changes
1521365602793	DeferredSave.webext.sc.lz4	DEBUG	Save changes
1521365602794	DeferredSave.webext.sc.lz4	DEBUG	Save changes
1521365602794	DeferredSave.webext.sc.lz4	DEBUG	Save changes
1521365602795	DeferredSave.webext.sc.lz4	DEBUG	Save changes
1521365602797	DeferredSave.webext.sc.lz4	DEBUG	Save changes
1521365602797	DeferredSave.webext.sc.lz4	DEBUG	Save changes
1521365602798	DeferredSave.webext.sc.lz4	DEBUG	Save changes
1521365602799	DeferredSave.webext.sc.lz4	DEBUG	Save changes
1521365602799	DeferredSave.webext.sc.lz4	DEBUG	Save changes
1521365602800	DeferredSave.webext.sc.lz4	DEBUG	Save changes
1521365602801	DeferredSave.webext.sc.lz4	DEBUG	Save changes
1521365602801	DeferredSave.webext.sc.lz4	DEBUG	Save changes
1521365602802	DeferredSave.webext.sc.lz4	DEBUG	Save changes
1521365602802	DeferredSave.webext.sc.lz4	DEBUG	Save changes
1521365602803	DeferredSave.webext.sc.lz4	DEBUG	Save changes
1521365602804	DeferredSave.webext.sc.lz4	DEBUG	Save changes
1521365602805	DeferredSave.webext.sc.lz4	DEBUG	Save changes
1521365602806	DeferredSave.webext.sc.lz4	DEBUG	Save changes
1521365602807	DeferredSave.webext.sc.lz4	DEBUG	Save changes
1521365602808	DeferredSave.webext.sc.lz4	DEBUG	Save changes
1521365602810	DeferredSave.webext.sc.lz4	DEBUG	Save changes
1521365602810	DeferredSave.webext.sc.lz4	DEBUG	Save changes
1521365602862	DeferredSave.webext.sc.lz4	DEBUG	Save changes
*** Blocklist::_loadBlocklistFromFile: blocklist is disabled
1521365602889	addons.xpi	WARN	disabling legacy extension easyscreenshot@mozillaonline.com
1521365602889	addons.xpi	WARN	disabling legacy extension easyscreenshot@mozillaonline.com
1521365602890	addons.xpi	WARN	disabling legacy extension easyscreenshot@mozillaonline.com
1521365602892	DeferredSave.extensions.json	DEBUG	Save changes
1521365602892	DeferredSave.extensions.json	DEBUG	Save changes
1521365602892	addons.xpi-utils	DEBUG	Add-on wx-assistant@mozillaonline.com modified in app-profile
1521365602894	DeferredSave.extensions.json	DEBUG	Starting timer
1521365602898	DeferredSave.webext.sc.lz4	DEBUG	Save changes
1521365602904	DeferredSave.extensions.json	DEBUG	Save changes
1521365602905	DeferredSave.extensions.json	DEBUG	Save changes
1521365602905	addons.xpi-utils	DEBUG	Add-on coba@mozilla.com.cn modified in app-profile
1521365602911	DeferredSave.webext.sc.lz4	DEBUG	Save changes
1521365602916	DeferredSave.extensions.json	DEBUG	Starting write
1521365602919	DeferredSave.extensions.json	DEBUG	Save changes
1521365602919	DeferredSave.extensions.json	DEBUG	Data changed while write in progress
1521365602919	DeferredSave.extensions.json	DEBUG	Save changes
1521365602920	addons.xpi-utils	DEBUG	Add-on tabtweak@mozillaonline.com modified in app-profile
1521365602923	DeferredSave.extensions.json	DEBUG	Write succeeded
1521365602923	addons.xpi-utils	DEBUG	XPI Database saved, setting schema version preference to 23
1521365602923	DeferredSave.extensions.json	DEBUG	Starting timer
1521365602927	DeferredSave.extensions.json	DEBUG	Save changes
1521365602927	DeferredSave.extensions.json	DEBUG	Save changes
1521365602928	addons.xpi-utils	DEBUG	Add-on aushelper@mozilla.org modified in app-system-defaults
1521365602931	DeferredSave.extensions.json	DEBUG	Save changes
1521365602931	DeferredSave.extensions.json	DEBUG	Save changes
1521365602931	addons.xpi-utils	DEBUG	Add-on e10srollout@mozilla.org modified in app-system-defaults
1521365602934	DeferredSave.extensions.json	DEBUG	Save changes
1521365602935	DeferredSave.extensions.json	DEBUG	Save changes
1521365602935	addons.xpi-utils	DEBUG	Add-on firefox@getpocket.com modified in app-system-defaults
1521365602938	DeferredSave.extensions.json	DEBUG	Save changes
1521365602939	DeferredSave.extensions.json	DEBUG	Save changes
1521365602939	addons.xpi-utils	DEBUG	Add-on screenshots@mozilla.org modified in app-system-defaults
1521365602944	DeferredSave.extensions.json	DEBUG	Save changes
1521365602945	DeferredSave.extensions.json	DEBUG	Save changes
1521365602945	addons.xpi-utils	DEBUG	Add-on webcompat@mozilla.org modified in app-system-defaults
1521365602947	DeferredSave.extensions.json	DEBUG	Save changes
1521365602948	DeferredSave.extensions.json	DEBUG	Save changes
1521365602948	addons.xpi-utils	DEBUG	Add-on activity-stream@mozilla.org modified in app-system-defaults
1521365602952	DeferredSave.extensions.json	DEBUG	Save changes
1521365602952	DeferredSave.extensions.json	DEBUG	Save changes
1521365602953	addons.xpi-utils	DEBUG	Add-on followonsearch@mozilla.com modified in app-system-defaults
1521365602956	DeferredSave.extensions.json	DEBUG	Save changes
1521365602957	DeferredSave.extensions.json	DEBUG	Save changes
1521365602957	addons.xpi-utils	DEBUG	Add-on formautofill@mozilla.org modified in app-system-defaults
1521365602961	DeferredSave.extensions.json	DEBUG	Save changes
1521365602961	DeferredSave.extensions.json	DEBUG	Save changes
1521365602961	addons.xpi-utils	DEBUG	Add-on onboarding@mozilla.org modified in app-system-defaults
1521365602964	DeferredSave.extensions.json	DEBUG	Save changes
1521365602964	DeferredSave.extensions.json	DEBUG	Save changes
1521365602964	addons.xpi-utils	DEBUG	Add-on shield-recipe-client@mozilla.org modified in app-system-defaults
1521365602967	DeferredSave.extensions.json	DEBUG	Save changes
1521365602968	DeferredSave.extensions.json	DEBUG	Save changes
1521365602968	addons.xpi-utils	DEBUG	Add-on {972ce4c6-7e08-4474-a285-3208198ce6fd} modified in app-global
1521365602970	DeferredSave.extensions.json	DEBUG	Save changes
1521365602970	DeferredSave.extensions.json	DEBUG	Save changes
1521365602971	addons.manager	DEBUG	Registering startup change 'changed' for easyscreenshot@mozillaonline.com
1521365602978	addons.xpi	DEBUG	Loading bootstrap scope from C:\Users\Administrator\AppData\Roaming\Mozilla\Firefox\Profiles\yn80ouvt.default\extensions\easyscreenshot@mozillaonline.com.xpi
1521365602980	addons.xpi	DEBUG	Calling bootstrap method uninstall on easyscreenshot@mozillaonline.com version 2.53.1
1521365602982	addons.xpi	DEBUG	Loading bootstrap scope from C:\Users\Administrator\AppData\Local\Temp\rust_mozprofile.ouKbu7SoQsLI\extensions\easyscreenshot@mozillaonline.com.xpi
1521365602984	addons.xpi	DEBUG	Calling bootstrap method install on easyscreenshot@mozillaonline.com version 2.53.1
1521365602985	addons.xpi-utils	DEBUG	Make addon app-profile:easyscreenshot@mozillaonline.com visible
1521365602985	addons.xpi	DEBUG	Updating XPIState for {"id":"easyscreenshot@mozillaonline.com","syncGUID":"{4b31a9c1-937f-4dde-8ba1-c6a552806276}","location":"app-profile","version":"2.53.1","type":"extension","internalName":null,"updateURL":null,"updateKey":null,"optionsURL":null,"optionsType":null,"aboutURL":null,"defaultLocale":{"name":"Easy Screenshot","description":"You can capture a screen shot by selecting an area or capture the whole/visible webpage. Then edit and save it as an image file.","creator":"Mozilla Online","homepageURL":"http://www.firefox.com.cn/"},"visible":true,"active":false,"userDisabled":false,"appDisabled":true,"installDate":1508558300022,"updateDate":1521365602326,"applyBackgroundUpdates":1,"bootstrap":true,"path":"C:\\Users\\Administrator\\AppData\\Local\\Temp\\rust_mozprofile.ouKbu7SoQsLI\\extensions\\easyscreenshot@mozillaonline.com.xpi","skinnable":false,"size":175892,"sourceURI":null,"releaseNotesURI":null,"softDisabled":false,"foreignInstall":false,"hasBinaryComponents":false,"strictCompatibility":false,"locales":[{"locales":["zh-CN"],"name":"网页截图","description":"方便的截图工具，支持任意选定区域截图、全网页截图等多种截图方式，并提供必要的图片编辑功能。","creator":"Mozilla Online","homepageURL":"http://www.firefox.com.cn/"},{"locales":["zh-TW"],"name":"網頁截圖","description":"方便的截圖工具，支持任意選定區域截圖、全網頁截圖等多種截圖方式，并提供必要的圖片編輯功能。","creator":"Mozilla Online","homepageURL":null}],"targetApplications":[{"id":"{ec8030f7-c20a-464f-9b0e-13a3a9e97384}","minVersion":"51.0","maxVersion":"53.*"}],"targetPlatforms":[],"multiprocessCompatible":true,"signedState":2,"seen":true,"dependencies":[],"hasEmbeddedWebExtension":true,"mpcOptedOut":false,"userPermissions":null,"icons":{"32":"icon.png","48":"icon.png","64":"icon64.png"},"iconURL":null,"icon64URL":null,"blocklistState":0,"blocklistURL":null}
1521365602986	DeferredSave.extensions.json	DEBUG	Save changes
1521365602986	addons.manager	DEBUG	Registering startup change 'changed' for wx-assistant@mozillaonline.com
1521365602987	addons.xpi	DEBUG	Loading bootstrap scope from C:\Users\Administrator\AppData\Roaming\Mozilla\Firefox\Profiles\yn80ouvt.default\extensions\wx-assistant@mozillaonline.com.xpi
1521365602987	addons.xpi	DEBUG	Calling bootstrap method uninstall on wx-assistant@mozillaonline.com version 2.0.2
1521365602988	addons.xpi	DEBUG	Loading bootstrap scope from C:\Users\Administrator\AppData\Local\Temp\rust_mozprofile.ouKbu7SoQsLI\extensions\wx-assistant@mozillaonline.com.xpi
1521365602989	addons.xpi	DEBUG	Calling bootstrap method install on wx-assistant@mozillaonline.com version 2.0.2
1521365602989	addons.xpi-utils	DEBUG	Make addon app-profile:wx-assistant@mozillaonline.com visible
1521365602990	addons.xpi	DEBUG	Updating XPIState for {"id":"wx-assistant@mozillaonline.com","syncGUID":"{95e2f865-70ae-4f0a-8836-b1a319ab34e8}","location":"app-profile","version":"2.0.2","type":"webextension","internalName":null,"updateURL":"https://addons.firefox.com.cn/chinaedition/addons/updates.json","updateKey":null,"optionsURL":null,"optionsType":null,"optionsBrowserStyle":true,"aboutURL":null,"defaultLocale":{"name":"WeChat Helper by MoCoCN","description":"Access Web WeChat by one click","creator":null,"homepageURL":"http://www.firefox.com.cn/","developers":null,"translators":null,"contributors":null},"visible":true,"active":false,"userDisabled":false,"appDisabled":false,"installDate":1508558300060,"updateDate":1521365602328,"applyBackgroundUpdates":1,"bootstrap":true,"path":"C:\\Users\\Administrator\\AppData\\Local\\Temp\\rust_mozprofile.ouKbu7SoQsLI\\extensions\\wx-assistant@mozillaonline.com.xpi","skinnable":false,"size":23502,"sourceURI":null,"releaseNotesURI":null,"softDisabled":false,"foreignInstall":false,"hasBinaryComponents":false,"strictCompatibility":true,"locales":[{"name":"WeChat Helper by MoCoCN","description":"Access Web WeChat by one click","creator":null,"homepageURL":"http://www.firefox.com.cn/","developers":null,"translators":null,"contributors":null,"locales":["en-US"]},{"name":"微信网页版助手","description":"一键打开微信网页版，同时在微信有新消息时给出及时的消息提醒","creator":null,"homepageURL":"http://www.firefox.com.cn/","developers":null,"translators":null,"contributors":null,"locales":["zh-CN"]}],"targetApplications":[{"id":"toolkit@mozilla.org","minVersion":"48.0","maxVersion":null}],"targetPlatforms":[],"multiprocessCompatible":true,"signedState":1,"seen":true,"dependencies":[],"hasEmbeddedWebExtension":false,"userPermissions":{"origins":["moz-extension://78c809a2-358e-4d2f-bd11-fd47315727cf/*","https://wx.qq.com/*"],"apis":[],"permissions":[]},"icons":{"32":"icons/icon-32.png","64":"icons/icon-64.png"},"iconURL":null,"icon64URL":null,"blocklistState":0,"blocklistURL":null}
1521365602990	DeferredSave.extensions.json	DEBUG	Save changes
1521365602990	addons.manager	DEBUG	Registering startup change 'changed' for coba@mozilla.com.cn
1521365602991	addons.xpi	DEBUG	Loading bootstrap scope from C:\Users\Administrator\AppData\Roaming\Mozilla\Firefox\Profiles\yn80ouvt.default\extensions\coba@mozilla.com.cn.xpi
1521365602991	addons.xpi	DEBUG	Calling bootstrap method uninstall on coba@mozilla.com.cn version 4.57
1521365602992	addons.xpi	DEBUG	Loading bootstrap scope from C:\Users\Administrator\AppData\Local\Temp\rust_mozprofile.ouKbu7SoQsLI\extensions\coba@mozilla.com.cn.xpi
1521365602992	addons.xpi	DEBUG	Calling bootstrap method install on coba@mozilla.com.cn version 4.57
1521365602992	addons.xpi-utils	DEBUG	Make addon app-profile:coba@mozilla.com.cn visible
1521365602993	addons.xpi	DEBUG	Updating XPIState for {"id":"coba@mozilla.com.cn","syncGUID":"{63ed5df3-08d5-49ee-9200-84705c4466a0}","location":"app-profile","version":"4.57","type":"webextension","internalName":null,"updateURL":"https://addons.firefox.com.cn/chinaedition/addons/updates.json","updateKey":null,"optionsURL":null,"optionsType":null,"optionsBrowserStyle":true,"aboutURL":null,"defaultLocale":{"name":"COBA","description":"China Online Banking Assistant","creator":null,"homepageURL":"http://www.firefox.com.cn/","developers":null,"translators":null,"contributors":null},"visible":true,"active":false,"userDisabled":false,"appDisabled":false,"installDate":1508558299823,"updateDate":1521365602323,"applyBackgroundUpdates":1,"bootstrap":true,"path":"C:\\Users\\Administrator\\AppData\\Local\\Temp\\rust_mozprofile.ouKbu7SoQsLI\\extensions\\coba@mozilla.com.cn.xpi","skinnable":false,"size":55643,"sourceURI":null,"releaseNotesURI":null,"softDisabled":false,"foreignInstall":false,"hasBinaryComponents":false,"strictCompatibility":true,"locales":[{"name":"COBA","description":"China Online Banking Assistant","creator":null,"homepageURL":"http://www.firefox.com.cn/","developers":null,"translators":null,"contributors":null,"locales":["en-US"]},{"name":"网银支付助手","description":"为火狐用户提供支付帮助","creator":null,"homepageURL":"http://www.firefox.com.cn/","developers":null,"translators":null,"contributors":null,"locales":["zh-CN"]}],"targetApplications":[{"id":"toolkit@mozilla.org","minVersion":"54.0","maxVersion":null}],"targetPlatforms":[],"multiprocessCompatible":true,"signedState":2,"seen":true,"dependencies":[],"hasEmbeddedWebExtension":false,"userPermissions":{"origins":["<all_urls>","moz-extension://e9a1c5df-c0fb-42da-b84b-5a526db79825/*"],"apis":[],"permissions":["downloads","nativeMessaging","storage","webRequest","webRequestBlocking"]},"icons":{"48":"icons/icon-48.png","64":"icons/icon-64.png"},"iconURL":null,"icon64URL":null,"blocklistState":0,"blocklistURL":null}
1521365602993	DeferredSave.extensions.json	DEBUG	Save changes
1521365602993	addons.manager	DEBUG	Registering startup change 'changed' for tabtweak@mozillaonline.com
1521365602994	addons.xpi-utils	DEBUG	Make addon app-profile:tabtweak@mozillaonline.com visible
1521365602994	addons.xpi	DEBUG	Updating XPIState for {"id":"tabtweak@mozillaonline.com","syncGUID":"{5dc3a25f-781b-4b38-9c9b-9ec80f9ef555}","location":"app-profile","version":"4.57","type":"extension","internalName":null,"updateURL":"http://g-fox.cn/chinaedition/addons/tabtweak/update.rdf?version=%ITEM_VERSION%","updateKey":"MIGfMA0GCSqGSIb3DQEBAQUAA4GNADCBiQKBgQDAvclCQ8nXMVB+UZpw2bLa7Qep6UO1YV6quUpw0RBDQgh5BMX6d4VaW/ZwMts7dFRA/7+yfjr3DTG036ldlRdnho6EztgDZKpLuU5tEORc9JfVspqb1Yw7ePRrKuc0vPyq1+2f1eEuXmikK3DGImd2lL9AoNYwHj7/+ERhntRQsQIDAQAB","optionsURL":null,"optionsType":null,"aboutURL":null,"defaultLocale":{"name":"Tab Tweak","description":"Tweak tab browsing by setting default behaviors.","creator":"Mozilla Online Limited","homepageURL":"http://firefox.com.cn","contributors":["Rui You"]},"visible":true,"active":false,"userDisabled":false,"appDisabled":false,"installDate":1508558300036,"updateDate":1521365602327,"applyBackgroundUpdates":1,"bootstrap":false,"path":"C:\\Users\\Administrator\\AppData\\Local\\Temp\\rust_mozprofile.ouKbu7SoQsLI\\extensions\\tabtweak@mozillaonline.com.xpi","skinnable":false,"size":20603,"sourceURI":null,"releaseNotesURI":null,"softDisabled":false,"foreignInstall":false,"hasBinaryComponents":false,"strictCompatibility":true,"locales":[{"locales":["zh-CN"],"name":"标签页优化","description":"设置打开链接和关闭标签的默认行为，方便使用。","creator":"Mozilla Online Limited","homepageURL":"http://www.firefox.com.cn/","contributors":["Rui You"]}],"targetApplications":[{"id":"{ec8030f7-c20a-464f-9b0e-13a3a9e97384}","minVersion":"57.0","maxVersion":"57.*"}],"targetPlatforms":[],"multiprocessCompatible":true,"signedState":4,"seen":true,"dependencies":[],"hasEmbeddedWebExtension":false,"mpcOptedOut":false,"userPermissions":null,"icons":{"32":"icon.png","48":"icon.png","64":"icon64.png"},"iconURL":null,"icon64URL":null,"blocklistState":0,"blocklistURL":null}
1521365602994	DeferredSave.extensions.json	DEBUG	Save changes
1521365602995	addons.manager	DEBUG	Registering startup change 'changed' for aushelper@mozilla.org
1521365602995	addons.xpi	DEBUG	Loading bootstrap scope from C:\Program Files (x86)\Mozilla Firefox\browser\features\aushelper@mozilla.org.xpi
1521365602998	addons.xpi	DEBUG	Calling bootstrap method install on aushelper@mozilla.org version 2.0
1521365602998	addons.xpi-utils	DEBUG	Make addon app-system-defaults:aushelper@mozilla.org visible
1521365602998	addons.xpi	DEBUG	Updating XPIState for {"id":"aushelper@mozilla.org","syncGUID":"{92a28f1e-8b93-400c-85e2-762270871109}","location":"app-system-defaults","version":"2.0","type":"extension","internalName":null,"updateURL":null,"updateKey":null,"optionsURL":null,"optionsType":null,"aboutURL":null,"defaultLocale":{"name":"Application Update Service Helper","description":"Sets value(s) in the update url based on custom checks.","creator":null,"homepageURL":null},"visible":true,"active":false,"userDisabled":false,"appDisabled":false,"installDate":1498673628573,"updateDate":1514510302355,"applyBackgroundUpdates":1,"bootstrap":true,"path":"C:\\Program Files (x86)\\Mozilla Firefox\\browser\\features\\aushelper@mozilla.org.xpi","skinnable":false,"size":8488,"sourceURI":null,"releaseNotesURI":null,"softDisabled":false,"foreignInstall":false,"hasBinaryComponents":false,"strictCompatibility":false,"locales":[],"targetApplications":[{"id":"{ec8030f7-c20a-464f-9b0e-13a3a9e97384}","minVersion":"57.0.3","maxVersion":"57.*"}],"targetPlatforms":[],"multiprocessCompatible":true,"seen":true,"dependencies":[],"hasEmbeddedWebExtension":false,"mpcOptedOut":false,"userPermissions":null,"icons":{},"iconURL":null,"icon64URL":null,"blocklistState":0,"blocklistURL":null}
1521365602999	DeferredSave.extensions.json	DEBUG	Save changes
1521365602999	addons.manager	DEBUG	Registering startup change 'changed' for e10srollout@mozilla.org
1521365603000	addons.xpi	DEBUG	Loading bootstrap scope from C:\Program Files (x86)\Mozilla Firefox\browser\features\e10srollout@mozilla.org.xpi
1521365603009	addons.xpi	DEBUG	Calling bootstrap method install on e10srollout@mozilla.org version 3.05
1521365603010	addons.xpi-utils	DEBUG	Make addon app-system-defaults:e10srollout@mozilla.org visible
1521365603010	addons.xpi	DEBUG	Updating XPIState for {"id":"e10srollout@mozilla.org","syncGUID":"{bac23acb-6168-4f2a-930a-cddd2eb9b6c6}","location":"app-system-defaults","version":"3.05","type":"extension","internalName":null,"updateURL":null,"updateKey":null,"optionsURL":null,"optionsType":null,"aboutURL":null,"defaultLocale":{"name":"Multi-process staged rollout","description":"Staged rollout of Firefox multi-process feature.","creator":null,"homepageURL":null},"visible":true,"active":false,"userDisabled":false,"appDisabled":false,"installDate":1498673628579,"updateDate":1514510302352,"applyBackgroundUpdates":1,"bootstrap":true,"path":"C:\\Program Files (x86)\\Mozilla Firefox\\browser\\features\\e10srollout@mozilla.org.xpi","skinnable":false,"size":13479,"sourceURI":null,"releaseNotesURI":null,"softDisabled":false,"foreignInstall":false,"hasBinaryComponents":false,"strictCompatibility":false,"locales":[],"targetApplications":[{"id":"{ec8030f7-c20a-464f-9b0e-13a3a9e97384}","minVersion":"57.0.3","maxVersion":"57.*"}],"targetPlatforms":[],"multiprocessCompatible":true,"seen":true,"dependencies":[],"hasEmbeddedWebExtension":false,"mpcOptedOut":false,"userPermissions":null,"icons":{},"iconURL":null,"icon64URL":null,"blocklistState":0,"blocklistURL":null}
1521365603011	DeferredSave.extensions.json	DEBUG	Save changes
1521365603011	addons.manager	DEBUG	Registering startup change 'changed' for firefox@getpocket.com
1521365603011	addons.xpi	DEBUG	Loading bootstrap scope from C:\Program Files (x86)\Mozilla Firefox\browser\features\firefox@getpocket.com.xpi
1521365603017	addons.xpi	DEBUG	Calling bootstrap method install on firefox@getpocket.com version 1.0.5
1521365603017	addons.xpi-utils	DEBUG	Make addon app-system-defaults:firefox@getpocket.com visible
1521365603017	addons.xpi	DEBUG	Updating XPIState for {"id":"firefox@getpocket.com","syncGUID":"{80e6d735-82d8-4c49-b82d-cce0541b72b9}","location":"app-system-defaults","version":"1.0.5","type":"extension","internalName":null,"updateURL":null,"updateKey":null,"optionsURL":null,"optionsType":null,"aboutURL":null,"defaultLocale":{"name":"Pocket","description":"When you find something you want to view later, put it in Pocket.","creator":null,"homepageURL":null},"visible":true,"active":false,"userDisabled":false,"appDisabled":false,"installDate":1498673629323,"updateDate":1514510302348,"applyBackgroundUpdates":1,"bootstrap":true,"path":"C:\\Program Files (x86)\\Mozilla Firefox\\browser\\features\\firefox@getpocket.com.xpi","skinnable":false,"size":914878,"sourceURI":null,"releaseNotesURI":null,"softDisabled":false,"foreignInstall":false,"hasBinaryComponents":false,"strictCompatibility":false,"locales":[],"targetApplications":[{"id":"{ec8030f7-c20a-464f-9b0e-13a3a9e97384}","minVersion":"57.0.3","maxVersion":"57.*"}],"targetPlatforms":[],"multiprocessCompatible":true,"seen":true,"dependencies":[],"hasEmbeddedWebExtension":false,"mpcOptedOut":false,"userPermissions":null,"icons":{},"iconURL":null,"icon64URL":null,"blocklistState":0,"blocklistURL":null}
1521365603017	DeferredSave.extensions.json	DEBUG	Save changes
1521365603018	addons.manager	DEBUG	Registering startup change 'changed' for screenshots@mozilla.org
1521365603018	addons.xpi	DEBUG	Loading bootstrap scope from C:\Program Files (x86)\Mozilla Firefox\browser\features\screenshots@mozilla.org.xpi
1521365603021	addons.xpi	DEBUG	Calling bootstrap method install on screenshots@mozilla.org version 19.2.0
1521365603021	addons.xpi-utils	DEBUG	Make addon app-system-defaults:screenshots@mozilla.org visible
1521365603021	addons.xpi	DEBUG	Updating XPIState for {"id":"screenshots@mozilla.org","syncGUID":"{7c677d10-8ae3-4d8a-9190-18c8817dad8b}","location":"app-system-defaults","version":"19.2.0","type":"extension","internalName":null,"updateURL":null,"updateKey":null,"optionsURL":null,"optionsType":null,"aboutURL":null,"defaultLocale":{"name":"Firefox Screenshots","description":null,"creator":null,"homepageURL":"https://screenshots.firefox.com/"},"visible":true,"active":false,"userDisabled":false,"appDisabled":false,"installDate":1498673629807,"updateDate":1511488177187,"applyBackgroundUpdates":1,"bootstrap":true,"path":"C:\\Program Files (x86)\\Mozilla Firefox\\browser\\features\\screenshots@mozilla.org.xpi","skinnable":false,"size":884473,"sourceURI":null,"releaseNotesURI":null,"softDisabled":false,"foreignInstall":false,"hasBinaryComponents":false,"strictCompatibility":false,"locales":[],"targetApplications":[{"id":"{ec8030f7-c20a-464f-9b0e-13a3a9e97384}","minVersion":"57.0a1","maxVersion":"*"}],"targetPlatforms":[],"multiprocessCompatible":true,"seen":true,"dependencies":[],"hasEmbeddedWebExtension":false,"mpcOptedOut":false,"userPermissions":null,"icons":{},"iconURL":null,"icon64URL":null,"blocklistState":0,"blocklistURL":null}
1521365603022	DeferredSave.extensions.json	DEBUG	Save changes
1521365603022	addons.manager	DEBUG	Registering startup change 'changed' for webcompat@mozilla.org
1521365603023	addons.xpi	DEBUG	Loading bootstrap scope from C:\Program Files (x86)\Mozilla Firefox\browser\features\webcompat@mozilla.org.xpi
1521365603025	addons.xpi	DEBUG	Calling bootstrap method install on webcompat@mozilla.org version 1.1
1521365603025	addons.xpi-utils	DEBUG	Make addon app-system-defaults:webcompat@mozilla.org visible
1521365603026	addons.xpi	DEBUG	Updating XPIState for {"id":"webcompat@mozilla.org","syncGUID":"{4e7024f6-a06d-428f-9d21-32257f47aa32}","location":"app-system-defaults","version":"1.1","type":"extension","internalName":null,"updateURL":null,"updateKey":null,"optionsURL":null,"optionsType":null,"aboutURL":null,"defaultLocale":{"name":"Web Compat","description":"Urgent post-release fixes for web compatibility.","creator":null,"homepageURL":null},"visible":true,"active":false,"userDisabled":false,"appDisabled":false,"installDate":1498673628631,"updateDate":1514510302311,"applyBackgroundUpdates":1,"bootstrap":true,"path":"C:\\Program Files (x86)\\Mozilla Firefox\\browser\\features\\webcompat@mozilla.org.xpi","skinnable":false,"size":9268,"sourceURI":null,"releaseNotesURI":null,"softDisabled":false,"foreignInstall":false,"hasBinaryComponents":false,"strictCompatibility":false,"locales":[],"targetApplications":[{"id":"{ec8030f7-c20a-464f-9b0e-13a3a9e97384}","minVersion":"57.0.3","maxVersion":"57.*"}],"targetPlatforms":[],"multiprocessCompatible":true,"seen":true,"dependencies":[],"hasEmbeddedWebExtension":false,"mpcOptedOut":false,"userPermissions":null,"icons":{},"iconURL":null,"icon64URL":null,"blocklistState":0,"blocklistURL":null}
1521365603026	DeferredSave.extensions.json	DEBUG	Save changes
1521365603026	addons.manager	DEBUG	Registering startup change 'changed' for activity-stream@mozilla.org
1521365603027	addons.xpi	DEBUG	Loading bootstrap scope from C:\Program Files (x86)\Mozilla Firefox\browser\features\activity-stream@mozilla.org.xpi
1521365603029	addons.xpi	DEBUG	Calling bootstrap method install on activity-stream@mozilla.org version 2017.11.07.1100-7f4e3634
1521365603030	addons.xpi-utils	DEBUG	Make addon app-system-defaults:activity-stream@mozilla.org visible
1521365603030	addons.xpi	DEBUG	Updating XPIState for {"id":"activity-stream@mozilla.org","syncGUID":"{49d003c0-1dc6-47c5-baa9-4b9fcb9ae273}","location":"app-system-defaults","version":"2017.11.07.1100-7f4e3634","type":"extension","internalName":null,"updateURL":null,"updateKey":null,"optionsURL":null,"optionsType":null,"aboutURL":null,"defaultLocale":{"name":"Activity Stream","description":"A rich visual history feed and a reimagined home page make it easier than ever to find exactly what you're looking for in Firefox.","creator":null,"homepageURL":null},"visible":true,"active":false,"userDisabled":false,"appDisabled":false,"installDate":1508561776193,"updateDate":1514510302375,"applyBackgroundUpdates":1,"bootstrap":true,"path":"C:\\Program Files (x86)\\Mozilla Firefox\\browser\\features\\activity-stream@mozilla.org.xpi","skinnable":false,"size":1423182,"sourceURI":null,"releaseNotesURI":null,"softDisabled":false,"foreignInstall":false,"hasBinaryComponents":false,"strictCompatibility":false,"locales":[],"targetApplications":[{"id":"{ec8030f7-c20a-464f-9b0e-13a3a9e97384}","minVersion":"57.0.3","maxVersion":"57.*"}],"targetPlatforms":[],"multiprocessCompatible":true,"seen":true,"dependencies":[],"hasEmbeddedWebExtension":false,"mpcOptedOut":false,"userPermissions":null,"icons":{},"iconURL":null,"icon64URL":null,"blocklistState":0,"blocklistURL":null}
1521365603031	DeferredSave.extensions.json	DEBUG	Save changes
1521365603031	addons.manager	DEBUG	Registering startup change 'changed' for followonsearch@mozilla.com
1521365603031	addons.xpi	DEBUG	Loading bootstrap scope from C:\Program Files (x86)\Mozilla Firefox\browser\features\followonsearch@mozilla.com.xpi
1521365603034	addons.xpi	DEBUG	Calling bootstrap method install on followonsearch@mozilla.com version 0.9.6
1521365603034	addons.xpi-utils	DEBUG	Make addon app-system-defaults:followonsearch@mozilla.com visible
1521365603034	addons.xpi	DEBUG	Updating XPIState for {"id":"followonsearch@mozilla.com","syncGUID":"{f63abbdd-c056-4d52-baa4-30520b03f11d}","location":"app-system-defaults","version":"0.9.6","type":"extension","internalName":null,"updateURL":null,"updateKey":null,"optionsURL":null,"optionsType":null,"aboutURL":null,"defaultLocale":{"name":"Follow-on Search Telemetry","description":null,"creator":null,"homepageURL":null},"visible":true,"active":false,"userDisabled":false,"appDisabled":false,"installDate":1508561776112,"updateDate":1511488177212,"applyBackgroundUpdates":1,"bootstrap":true,"path":"C:\\Program Files (x86)\\Mozilla Firefox\\browser\\features\\followonsearch@mozilla.com.xpi","skinnable":false,"size":18625,"sourceURI":null,"releaseNotesURI":null,"softDisabled":false,"foreignInstall":false,"hasBinaryComponents":false,"strictCompatibility":false,"locales":[],"targetApplications":[{"id":"{ec8030f7-c20a-464f-9b0e-13a3a9e97384}","minVersion":"52.0","maxVersion":"59.*"}],"targetPlatforms":[],"multiprocessCompatible":true,"seen":true,"dependencies":[],"hasEmbeddedWebExtension":false,"mpcOptedOut":false,"userPermissions":null,"icons":{},"iconURL":null,"icon64URL":null,"blocklistState":0,"blocklistURL":null}
1521365603035	DeferredSave.extensions.json	DEBUG	Save changes
1521365603035	addons.manager	DEBUG	Registering startup change 'changed' for formautofill@mozilla.org
1521365603036	addons.xpi	DEBUG	Loading bootstrap scope from C:\Program Files (x86)\Mozilla Firefox\browser\features\formautofill@mozilla.org.xpi
1521365603038	addons.xpi	DEBUG	Calling bootstrap method install on formautofill@mozilla.org version 1.0
1521365603038	addons.xpi-utils	DEBUG	Make addon app-system-defaults:formautofill@mozilla.org visible
1521365603038	addons.xpi	DEBUG	Updating XPIState for {"id":"formautofill@mozilla.org","syncGUID":"{caea7c03-fecf-45ff-b8c7-8bd017f20506}","location":"app-system-defaults","version":"1.0","type":"extension","internalName":null,"updateURL":null,"updateKey":null,"optionsURL":null,"optionsType":null,"aboutURL":null,"defaultLocale":{"name":"Form Autofill","description":"Autofill forms with saved profiles","creator":null,"homepageURL":null},"visible":true,"active":false,"userDisabled":false,"appDisabled":false,"installDate":1508561776109,"updateDate":1514510302338,"applyBackgroundUpdates":1,"bootstrap":true,"path":"C:\\Program Files (x86)\\Mozilla Firefox\\browser\\features\\formautofill@mozilla.org.xpi","skinnable":false,"size":380181,"sourceURI":null,"releaseNotesURI":null,"softDisabled":false,"foreignInstall":false,"hasBinaryComponents":false,"strictCompatibility":false,"locales":[],"targetApplications":[{"id":"{ec8030f7-c20a-464f-9b0e-13a3a9e97384}","minVersion":"57.0.3","maxVersion":"57.*"}],"targetPlatforms":[],"multiprocessCompatible":true,"seen":true,"dependencies":[],"hasEmbeddedWebExtension":false,"mpcOptedOut":false,"userPermissions":null,"icons":{},"iconURL":null,"icon64URL":null,"blocklistState":0,"blocklistURL":null}
1521365603039	DeferredSave.extensions.json	DEBUG	Save changes
1521365603039	addons.manager	DEBUG	Registering startup change 'changed' for onboarding@mozilla.org
1521365603039	addons.xpi	DEBUG	Loading bootstrap scope from C:\Program Files (x86)\Mozilla Firefox\browser\features\onboarding@mozilla.org.xpi
1521365603042	addons.xpi	DEBUG	Calling bootstrap method install on onboarding@mozilla.org version 1.0
1521365603042	addons.xpi-utils	DEBUG	Make addon app-system-defaults:onboarding@mozilla.org visible
1521365603042	addons.xpi	DEBUG	Updating XPIState for {"id":"onboarding@mozilla.org","syncGUID":"{dc8c9ad1-3ab2-4702-85de-59055bd1c4f5}","location":"app-system-defaults","version":"1.0","type":"extension","internalName":null,"updateURL":null,"updateKey":null,"optionsURL":null,"optionsType":null,"aboutURL":null,"defaultLocale":{"name":"Photon onboarding","description":"Photon onboarding","creator":null,"homepageURL":null},"visible":true,"active":false,"userDisabled":false,"appDisabled":false,"installDate":1508561776093,"updateDate":1514510302330,"applyBackgroundUpdates":1,"bootstrap":true,"path":"C:\\Program Files (x86)\\Mozilla Firefox\\browser\\features\\onboarding@mozilla.org.xpi","skinnable":false,"size":550060,"sourceURI":null,"releaseNotesURI":null,"softDisabled":false,"foreignInstall":false,"hasBinaryComponents":false,"strictCompatibility":false,"locales":[],"targetApplications":[{"id":"{ec8030f7-c20a-464f-9b0e-13a3a9e97384}","minVersion":"57.0.3","maxVersion":"57.*"}],"targetPlatforms":[],"multiprocessCompatible":true,"seen":true,"dependencies":[],"hasEmbeddedWebExtension":false,"mpcOptedOut":false,"userPermissions":null,"icons":{},"iconURL":null,"icon64URL":null,"blocklistState":0,"blocklistURL":null}
1521365603043	DeferredSave.extensions.json	DEBUG	Save changes
1521365603043	addons.manager	DEBUG	Registering startup change 'changed' for shield-recipe-client@mozilla.org
1521365603045	addons.xpi	DEBUG	Loading bootstrap scope from C:\Program Files (x86)\Mozilla Firefox\browser\features\shield-recipe-client@mozilla.org.xpi
1521365603049	addons.xpi	DEBUG	Calling bootstrap method install on shield-recipe-client@mozilla.org version 76.1
1521365603049	addons.xpi-utils	DEBUG	Make addon app-system-defaults:shield-recipe-client@mozilla.org visible
1521365603049	addons.xpi	DEBUG	Updating XPIState for {"id":"shield-recipe-client@mozilla.org","syncGUID":"{5e6ac3fc-bd32-43cb-bbed-829bc2270eb0}","location":"app-system-defaults","version":"76.1","type":"extension","internalName":null,"updateURL":null,"updateKey":null,"optionsURL":null,"optionsType":null,"aboutURL":null,"defaultLocale":{"name":"Shield Recipe Client","description":"Client to download and run recipes for SHIELD, Heartbeat, etc.","creator":null,"homepageURL":null},"visible":true,"active":false,"userDisabled":false,"appDisabled":false,"installDate":1508561776071,"updateDate":1514510302320,"applyBackgroundUpdates":1,"bootstrap":true,"path":"C:\\Program Files (x86)\\Mozilla Firefox\\browser\\features\\shield-recipe-client@mozilla.org.xpi","skinnable":false,"size":364002,"sourceURI":null,"releaseNotesURI":null,"softDisabled":false,"foreignInstall":false,"hasBinaryComponents":false,"strictCompatibility":false,"locales":[],"targetApplications":[{"id":"{ec8030f7-c20a-464f-9b0e-13a3a9e97384}","minVersion":"57.0.3","maxVersion":"57.*"}],"targetPlatforms":[],"multiprocessCompatible":true,"seen":true,"dependencies":[],"hasEmbeddedWebExtension":false,"mpcOptedOut":false,"userPermissions":null,"icons":{},"iconURL":null,"icon64URL":null,"blocklistState":0,"blocklistURL":null}
1521365603050	DeferredSave.extensions.json	DEBUG	Save changes
1521365603050	addons.manager	DEBUG	Registering startup change 'changed' for {972ce4c6-7e08-4474-a285-3208198ce6fd}
1521365603050	addons.xpi-utils	DEBUG	Make addon app-global:{972ce4c6-7e08-4474-a285-3208198ce6fd} visible
1521365603051	addons.xpi	DEBUG	Updating XPIState for {"id":"{972ce4c6-7e08-4474-a285-3208198ce6fd}","syncGUID":"{d8a10551-6766-4533-a6dd-38dff2b1a872}","location":"app-global","version":"57.0.3","type":"theme","internalName":"classic/1.0","updateURL":null,"updateKey":null,"optionsURL":null,"optionsType":null,"optionsBrowserStyle":null,"aboutURL":null,"defaultLocale":{"name":"Default","description":"The default theme.","creator":"Mozilla","homepageURL":null,"contributors":["Mozilla Contributors"]},"visible":true,"active":false,"userDisabled":false,"appDisabled":false,"installDate":1498673628608,"updateDate":1514510302378,"applyBackgroundUpdates":1,"path":"C:\\Program Files (x86)\\Mozilla Firefox\\browser\\extensions\\{972ce4c6-7e08-4474-a285-3208198ce6fd}.xpi","skinnable":true,"size":3354,"sourceURI":null,"releaseNotesURI":null,"softDisabled":false,"foreignInstall":false,"hasBinaryComponents":false,"strictCompatibility":true,"locales":[],"targetApplications":[{"id":"{ec8030f7-c20a-464f-9b0e-13a3a9e97384}","minVersion":"57.0.3","maxVersion":"57.0.3"}],"targetPlatforms":[],"seen":true,"dependencies":[],"hasEmbeddedWebExtension":false,"userPermissions":null,"icons":{},"iconURL":"chrome://browser/content/default-theme-icon.svg","icon64URL":null,"blocklistState":0,"blocklistURL":null}
1521365603051	DeferredSave.extensions.json	DEBUG	Save changes
1521365603051	addons.xpi	DEBUG	Updating XPIState for {"id":"easyscreenshot@mozillaonline.com","syncGUID":"{4b31a9c1-937f-4dde-8ba1-c6a552806276}","location":"app-profile","version":"2.53.1","type":"extension","internalName":null,"updateURL":null,"updateKey":null,"optionsURL":null,"optionsType":null,"aboutURL":null,"defaultLocale":{"name":"Easy Screenshot","description":"You can capture a screen shot by selecting an area or capture the whole/visible webpage. Then edit and save it as an image file.","creator":"Mozilla Online","homepageURL":"http://www.firefox.com.cn/"},"visible":true,"active":false,"userDisabled":false,"appDisabled":true,"installDate":1508558300022,"updateDate":1521365602326,"applyBackgroundUpdates":1,"bootstrap":true,"path":"C:\\Users\\Administrator\\AppData\\Local\\Temp\\rust_mozprofile.ouKbu7SoQsLI\\extensions\\easyscreenshot@mozillaonline.com.xpi","skinnable":false,"size":175892,"sourceURI":null,"releaseNotesURI":null,"softDisabled":false,"foreignInstall":false,"hasBinaryComponents":false,"strictCompatibility":false,"locales":[{"locales":["zh-CN"],"name":"网页截图","description":"方便的截图工具，支持任意选定区域截图、全网页截图等多种截图方式，并提供必要的图片编辑功能。","creator":"Mozilla Online","homepageURL":"http://www.firefox.com.cn/"},{"locales":["zh-TW"],"name":"網頁截圖","description":"方便的截圖工具，支持任意選定區域截圖、全網頁截圖等多種截圖方式，并提供必要的圖片編輯功能。","creator":"Mozilla Online","homepageURL":null}],"targetApplications":[{"id":"{ec8030f7-c20a-464f-9b0e-13a3a9e97384}","minVersion":"51.0","maxVersion":"53.*"}],"targetPlatforms":[],"multiprocessCompatible":true,"signedState":2,"seen":true,"dependencies":[],"hasEmbeddedWebExtension":true,"mpcOptedOut":false,"userPermissions":null,"icons":{"32":"icon.png","48":"icon.png","64":"icon64.png"},"iconURL":null,"icon64URL":null,"blocklistState":0,"blocklistURL":null}
1521365603051	addons.xpi	DEBUG	Updating XPIState for {"id":"wx-assistant@mozillaonline.com","syncGUID":"{95e2f865-70ae-4f0a-8836-b1a319ab34e8}","location":"app-profile","version":"2.0.2","type":"webextension","internalName":null,"updateURL":"https://addons.firefox.com.cn/chinaedition/addons/updates.json","updateKey":null,"optionsURL":null,"optionsType":null,"optionsBrowserStyle":true,"aboutURL":null,"defaultLocale":{"name":"WeChat Helper by MoCoCN","description":"Access Web WeChat by one click","creator":null,"homepageURL":"http://www.firefox.com.cn/","developers":null,"translators":null,"contributors":null},"visible":true,"active":true,"userDisabled":false,"appDisabled":false,"installDate":1508558300060,"updateDate":1521365602328,"applyBackgroundUpdates":1,"bootstrap":true,"path":"C:\\Users\\Administrator\\AppData\\Local\\Temp\\rust_mozprofile.ouKbu7SoQsLI\\extensions\\wx-assistant@mozillaonline.com.xpi","skinnable":false,"size":23502,"sourceURI":null,"releaseNotesURI":null,"softDisabled":false,"foreignInstall":false,"hasBinaryComponents":false,"strictCompatibility":true,"locales":[{"name":"WeChat Helper by MoCoCN","description":"Access Web WeChat by one click","creator":null,"homepageURL":"http://www.firefox.com.cn/","developers":null,"translators":null,"contributors":null,"locales":["en-US"]},{"name":"微信网页版助手","description":"一键打开微信网页版，同时在微信有新消息时给出及时的消息提醒","creator":null,"homepageURL":"http://www.firefox.com.cn/","developers":null,"translators":null,"contributors":null,"locales":["zh-CN"]}],"targetApplications":[{"id":"toolkit@mozilla.org","minVersion":"48.0","maxVersion":null}],"targetPlatforms":[],"multiprocessCompatible":true,"signedState":1,"seen":true,"dependencies":[],"hasEmbeddedWebExtension":false,"userPermissions":{"origins":["moz-extension://78c809a2-358e-4d2f-bd11-fd47315727cf/*","https://wx.qq.com/*"],"apis":[],"permissions":[]},"icons":{"32":"icons/icon-32.png","64":"icons/icon-64.png"},"iconURL":null,"icon64URL":null,"blocklistState":0,"blocklistURL":null}
1521365603052	addons.xpi	DEBUG	Updating XPIState for {"id":"coba@mozilla.com.cn","syncGUID":"{63ed5df3-08d5-49ee-9200-84705c4466a0}","location":"app-profile","version":"4.57","type":"webextension","internalName":null,"updateURL":"https://addons.firefox.com.cn/chinaedition/addons/updates.json","updateKey":null,"optionsURL":null,"optionsType":null,"optionsBrowserStyle":true,"aboutURL":null,"defaultLocale":{"name":"COBA","description":"China Online Banking Assistant","creator":null,"homepageURL":"http://www.firefox.com.cn/","developers":null,"translators":null,"contributors":null},"visible":true,"active":true,"userDisabled":false,"appDisabled":false,"installDate":1508558299823,"updateDate":1521365602323,"applyBackgroundUpdates":1,"bootstrap":true,"path":"C:\\Users\\Administrator\\AppData\\Local\\Temp\\rust_mozprofile.ouKbu7SoQsLI\\extensions\\coba@mozilla.com.cn.xpi","skinnable":false,"size":55643,"sourceURI":null,"releaseNotesURI":null,"softDisabled":false,"foreignInstall":false,"hasBinaryComponents":false,"strictCompatibility":true,"locales":[{"name":"COBA","description":"China Online Banking Assistant","creator":null,"homepageURL":"http://www.firefox.com.cn/","developers":null,"translators":null,"contributors":null,"locales":["en-US"]},{"name":"网银支付助手","description":"为火狐用户提供支付帮助","creator":null,"homepageURL":"http://www.firefox.com.cn/","developers":null,"translators":null,"contributors":null,"locales":["zh-CN"]}],"targetApplications":[{"id":"toolkit@mozilla.org","minVersion":"54.0","maxVersion":null}],"targetPlatforms":[],"multiprocessCompatible":true,"signedState":2,"seen":true,"dependencies":[],"hasEmbeddedWebExtension":false,"userPermissions":{"origins":["<all_urls>","moz-extension://e9a1c5df-c0fb-42da-b84b-5a526db79825/*"],"apis":[],"permissions":["downloads","nativeMessaging","storage","webRequest","webRequestBlocking"]},"icons":{"48":"icons/icon-48.png","64":"icons/icon-64.png"},"iconURL":null,"icon64URL":null,"blocklistState":0,"blocklistURL":null}
1521365603052	addons.xpi	DEBUG	Updating XPIState for {"id":"tabtweak@mozillaonline.com","syncGUID":"{5dc3a25f-781b-4b38-9c9b-9ec80f9ef555}","location":"app-profile","version":"4.57","type":"extension","internalName":null,"updateURL":"http://g-fox.cn/chinaedition/addons/tabtweak/update.rdf?version=%ITEM_VERSION%","updateKey":"MIGfMA0GCSqGSIb3DQEBAQUAA4GNADCBiQKBgQDAvclCQ8nXMVB+UZpw2bLa7Qep6UO1YV6quUpw0RBDQgh5BMX6d4VaW/ZwMts7dFRA/7+yfjr3DTG036ldlRdnho6EztgDZKpLuU5tEORc9JfVspqb1Yw7ePRrKuc0vPyq1+2f1eEuXmikK3DGImd2lL9AoNYwHj7/+ERhntRQsQIDAQAB","optionsURL":null,"optionsType":null,"aboutURL":null,"defaultLocale":{"name":"Tab Tweak","description":"Tweak tab browsing by setting default behaviors.","creator":"Mozilla Online Limited","homepageURL":"http://firefox.com.cn","contributors":["Rui You"]},"visible":true,"active":true,"userDisabled":false,"appDisabled":false,"installDate":1508558300036,"updateDate":1521365602327,"applyBackgroundUpdates":1,"bootstrap":false,"path":"C:\\Users\\Administrator\\AppData\\Local\\Temp\\rust_mozprofile.ouKbu7SoQsLI\\extensions\\tabtweak@mozillaonline.com.xpi","skinnable":false,"size":20603,"sourceURI":null,"releaseNotesURI":null,"softDisabled":false,"foreignInstall":false,"hasBinaryComponents":false,"strictCompatibility":true,"locales":[{"locales":["zh-CN"],"name":"标签页优化","description":"设置打开链接和关闭标签的默认行为，方便使用。","creator":"Mozilla Online Limited","homepageURL":"http://www.firefox.com.cn/","contributors":["Rui You"]}],"targetApplications":[{"id":"{ec8030f7-c20a-464f-9b0e-13a3a9e97384}","minVersion":"57.0","maxVersion":"57.*"}],"targetPlatforms":[],"multiprocessCompatible":true,"signedState":4,"seen":true,"dependencies":[],"hasEmbeddedWebExtension":false,"mpcOptedOut":false,"userPermissions":null,"icons":{"32":"icon.png","48":"icon.png","64":"icon64.png"},"iconURL":null,"icon64URL":null,"blocklistState":0,"blocklistURL":null}
1521365603052	addons.xpi	DEBUG	Updating XPIState for {"id":"aushelper@mozilla.org","syncGUID":"{92a28f1e-8b93-400c-85e2-762270871109}","location":"app-system-defaults","version":"2.0","type":"extension","internalName":null,"updateURL":null,"updateKey":null,"optionsURL":null,"optionsType":null,"aboutURL":null,"defaultLocale":{"name":"Application Update Service Helper","description":"Sets value(s) in the update url based on custom checks.","creator":null,"homepageURL":null},"visible":true,"active":true,"userDisabled":false,"appDisabled":false,"installDate":1498673628573,"updateDate":1514510302355,"applyBackgroundUpdates":1,"bootstrap":true,"path":"C:\\Program Files (x86)\\Mozilla Firefox\\browser\\features\\aushelper@mozilla.org.xpi","skinnable":false,"size":8488,"sourceURI":null,"releaseNotesURI":null,"softDisabled":false,"foreignInstall":false,"hasBinaryComponents":false,"strictCompatibility":false,"locales":[],"targetApplications":[{"id":"{ec8030f7-c20a-464f-9b0e-13a3a9e97384}","minVersion":"57.0.3","maxVersion":"57.*"}],"targetPlatforms":[],"multiprocessCompatible":true,"seen":true,"dependencies":[],"hasEmbeddedWebExtension":false,"mpcOptedOut":false,"userPermissions":null,"icons":{},"iconURL":null,"icon64URL":null,"blocklistState":0,"blocklistURL":null}
1521365603052	addons.xpi	DEBUG	Updating XPIState for {"id":"e10srollout@mozilla.org","syncGUID":"{bac23acb-6168-4f2a-930a-cddd2eb9b6c6}","location":"app-system-defaults","version":"3.05","type":"extension","internalName":null,"updateURL":null,"updateKey":null,"optionsURL":null,"optionsType":null,"aboutURL":null,"defaultLocale":{"name":"Multi-process staged rollout","description":"Staged rollout of Firefox multi-process feature.","creator":null,"homepageURL":null},"visible":true,"active":true,"userDisabled":false,"appDisabled":false,"installDate":1498673628579,"updateDate":1514510302352,"applyBackgroundUpdates":1,"bootstrap":true,"path":"C:\\Program Files (x86)\\Mozilla Firefox\\browser\\features\\e10srollout@mozilla.org.xpi","skinnable":false,"size":13479,"sourceURI":null,"releaseNotesURI":null,"softDisabled":false,"foreignInstall":false,"hasBinaryComponents":false,"strictCompatibility":false,"locales":[],"targetApplications":[{"id":"{ec8030f7-c20a-464f-9b0e-13a3a9e97384}","minVersion":"57.0.3","maxVersion":"57.*"}],"targetPlatforms":[],"multiprocessCompatible":true,"seen":true,"dependencies":[],"hasEmbeddedWebExtension":false,"mpcOptedOut":false,"userPermissions":null,"icons":{},"iconURL":null,"icon64URL":null,"blocklistState":0,"blocklistURL":null}
1521365603052	addons.xpi	DEBUG	Updating XPIState for {"id":"firefox@getpocket.com","syncGUID":"{80e6d735-82d8-4c49-b82d-cce0541b72b9}","location":"app-system-defaults","version":"1.0.5","type":"extension","internalName":null,"updateURL":null,"updateKey":null,"optionsURL":null,"optionsType":null,"aboutURL":null,"defaultLocale":{"name":"Pocket","description":"When you find something you want to view later, put it in Pocket.","creator":null,"homepageURL":null},"visible":true,"active":true,"userDisabled":false,"appDisabled":false,"installDate":1498673629323,"updateDate":1514510302348,"applyBackgroundUpdates":1,"bootstrap":true,"path":"C:\\Program Files (x86)\\Mozilla Firefox\\browser\\features\\firefox@getpocket.com.xpi","skinnable":false,"size":914878,"sourceURI":null,"releaseNotesURI":null,"softDisabled":false,"foreignInstall":false,"hasBinaryComponents":false,"strictCompatibility":false,"locales":[],"targetApplications":[{"id":"{ec8030f7-c20a-464f-9b0e-13a3a9e97384}","minVersion":"57.0.3","maxVersion":"57.*"}],"targetPlatforms":[],"multiprocessCompatible":true,"seen":true,"dependencies":[],"hasEmbeddedWebExtension":false,"mpcOptedOut":false,"userPermissions":null,"icons":{},"iconURL":null,"icon64URL":null,"blocklistState":0,"blocklistURL":null}
1521365603052	addons.xpi	DEBUG	Updating XPIState for {"id":"screenshots@mozilla.org","syncGUID":"{7c677d10-8ae3-4d8a-9190-18c8817dad8b}","location":"app-system-defaults","version":"19.2.0","type":"extension","internalName":null,"updateURL":null,"updateKey":null,"optionsURL":null,"optionsType":null,"aboutURL":null,"defaultLocale":{"name":"Firefox Screenshots","description":null,"creator":null,"homepageURL":"https://screenshots.firefox.com/"},"visible":true,"active":true,"userDisabled":false,"appDisabled":false,"installDate":1498673629807,"updateDate":1511488177187,"applyBackgroundUpdates":1,"bootstrap":true,"path":"C:\\Program Files (x86)\\Mozilla Firefox\\browser\\features\\screenshots@mozilla.org.xpi","skinnable":false,"size":884473,"sourceURI":null,"releaseNotesURI":null,"softDisabled":false,"foreignInstall":false,"hasBinaryComponents":false,"strictCompatibility":false,"locales":[],"targetApplications":[{"id":"{ec8030f7-c20a-464f-9b0e-13a3a9e97384}","minVersion":"57.0a1","maxVersion":"*"}],"targetPlatforms":[],"multiprocessCompatible":true,"seen":true,"dependencies":[],"hasEmbeddedWebExtension":false,"mpcOptedOut":false,"userPermissions":null,"icons":{},"iconURL":null,"icon64URL":null,"blocklistState":0,"blocklistURL":null}
1521365603052	addons.xpi	DEBUG	Updating XPIState for {"id":"webcompat@mozilla.org","syncGUID":"{4e7024f6-a06d-428f-9d21-32257f47aa32}","location":"app-system-defaults","version":"1.1","type":"extension","internalName":null,"updateURL":null,"updateKey":null,"optionsURL":null,"optionsType":null,"aboutURL":null,"defaultLocale":{"name":"Web Compat","description":"Urgent post-release fixes for web compatibility.","creator":null,"homepageURL":null},"visible":true,"active":true,"userDisabled":false,"appDisabled":false,"installDate":1498673628631,"updateDate":1514510302311,"applyBackgroundUpdates":1,"bootstrap":true,"path":"C:\\Program Files (x86)\\Mozilla Firefox\\browser\\features\\webcompat@mozilla.org.xpi","skinnable":false,"size":9268,"sourceURI":null,"releaseNotesURI":null,"softDisabled":false,"foreignInstall":false,"hasBinaryComponents":false,"strictCompatibility":false,"locales":[],"targetApplications":[{"id":"{ec8030f7-c20a-464f-9b0e-13a3a9e97384}","minVersion":"57.0.3","maxVersion":"57.*"}],"targetPlatforms":[],"multiprocessCompatible":true,"seen":true,"dependencies":[],"hasEmbeddedWebExtension":false,"mpcOptedOut":false,"userPermissions":null,"icons":{},"iconURL":null,"icon64URL":null,"blocklistState":0,"blocklistURL":null}
1521365603053	addons.xpi	DEBUG	Updating XPIState for {"id":"activity-stream@mozilla.org","syncGUID":"{49d003c0-1dc6-47c5-baa9-4b9fcb9ae273}","location":"app-system-defaults","version":"2017.11.07.1100-7f4e3634","type":"extension","internalName":null,"updateURL":null,"updateKey":null,"optionsURL":null,"optionsType":null,"aboutURL":null,"defaultLocale":{"name":"Activity Stream","description":"A rich visual history feed and a reimagined home page make it easier than ever to find exactly what you're looking for in Firefox.","creator":null,"homepageURL":null},"visible":true,"active":true,"userDisabled":false,"appDisabled":false,"installDate":1508561776193,"updateDate":1514510302375,"applyBackgroundUpdates":1,"bootstrap":true,"path":"C:\\Program Files (x86)\\Mozilla Firefox\\browser\\features\\activity-stream@mozilla.org.xpi","skinnable":false,"size":1423182,"sourceURI":null,"releaseNotesURI":null,"softDisabled":false,"foreignInstall":false,"hasBinaryComponents":false,"strictCompatibility":false,"locales":[],"targetApplications":[{"id":"{ec8030f7-c20a-464f-9b0e-13a3a9e97384}","minVersion":"57.0.3","maxVersion":"57.*"}],"targetPlatforms":[],"multiprocessCompatible":true,"seen":true,"dependencies":[],"hasEmbeddedWebExtension":false,"mpcOptedOut":false,"userPermissions":null,"icons":{},"iconURL":null,"icon64URL":null,"blocklistState":0,"blocklistURL":null}
1521365603053	addons.xpi	DEBUG	Updating XPIState for {"id":"followonsearch@mozilla.com","syncGUID":"{f63abbdd-c056-4d52-baa4-30520b03f11d}","location":"app-system-defaults","version":"0.9.6","type":"extension","internalName":null,"updateURL":null,"updateKey":null,"optionsURL":null,"optionsType":null,"aboutURL":null,"defaultLocale":{"name":"Follow-on Search Telemetry","description":null,"creator":null,"homepageURL":null},"visible":true,"active":true,"userDisabled":false,"appDisabled":false,"installDate":1508561776112,"updateDate":1511488177212,"applyBackgroundUpdates":1,"bootstrap":true,"path":"C:\\Program Files (x86)\\Mozilla Firefox\\browser\\features\\followonsearch@mozilla.com.xpi","skinnable":false,"size":18625,"sourceURI":null,"releaseNotesURI":null,"softDisabled":false,"foreignInstall":false,"hasBinaryComponents":false,"strictCompatibility":false,"locales":[],"targetApplications":[{"id":"{ec8030f7-c20a-464f-9b0e-13a3a9e97384}","minVersion":"52.0","maxVersion":"59.*"}],"targetPlatforms":[],"multiprocessCompatible":true,"seen":true,"dependencies":[],"hasEmbeddedWebExtension":false,"mpcOptedOut":false,"userPermissions":null,"icons":{},"iconURL":null,"icon64URL":null,"blocklistState":0,"blocklistURL":null}
1521365603053	addons.xpi	DEBUG	Updating XPIState for {"id":"formautofill@mozilla.org","syncGUID":"{caea7c03-fecf-45ff-b8c7-8bd017f20506}","location":"app-system-defaults","version":"1.0","type":"extension","internalName":null,"updateURL":null,"updateKey":null,"optionsURL":null,"optionsType":null,"aboutURL":null,"defaultLocale":{"name":"Form Autofill","description":"Autofill forms with saved profiles","creator":null,"homepageURL":null},"visible":true,"active":true,"userDisabled":false,"appDisabled":false,"installDate":1508561776109,"updateDate":1514510302338,"applyBackgroundUpdates":1,"bootstrap":true,"path":"C:\\Program Files (x86)\\Mozilla Firefox\\browser\\features\\formautofill@mozilla.org.xpi","skinnable":false,"size":380181,"sourceURI":null,"releaseNotesURI":null,"softDisabled":false,"foreignInstall":false,"hasBinaryComponents":false,"strictCompatibility":false,"locales":[],"targetApplications":[{"id":"{ec8030f7-c20a-464f-9b0e-13a3a9e97384}","minVersion":"57.0.3","maxVersion":"57.*"}],"targetPlatforms":[],"multiprocessCompatible":true,"seen":true,"dependencies":[],"hasEmbeddedWebExtension":false,"mpcOptedOut":false,"userPermissions":null,"icons":{},"iconURL":null,"icon64URL":null,"blocklistState":0,"blocklistURL":null}
1521365603054	addons.xpi	DEBUG	Updating XPIState for {"id":"onboarding@mozilla.org","syncGUID":"{dc8c9ad1-3ab2-4702-85de-59055bd1c4f5}","location":"app-system-defaults","version":"1.0","type":"extension","internalName":null,"updateURL":null,"updateKey":null,"optionsURL":null,"optionsType":null,"aboutURL":null,"defaultLocale":{"name":"Photon onboarding","description":"Photon onboarding","creator":null,"homepageURL":null},"visible":true,"active":true,"userDisabled":false,"appDisabled":false,"installDate":1508561776093,"updateDate":1514510302330,"applyBackgroundUpdates":1,"bootstrap":true,"path":"C:\\Program Files (x86)\\Mozilla Firefox\\browser\\features\\onboarding@mozilla.org.xpi","skinnable":false,"size":550060,"sourceURI":null,"releaseNotesURI":null,"softDisabled":false,"foreignInstall":false,"hasBinaryComponents":false,"strictCompatibility":false,"locales":[],"targetApplications":[{"id":"{ec8030f7-c20a-464f-9b0e-13a3a9e97384}","minVersion":"57.0.3","maxVersion":"57.*"}],"targetPlatforms":[],"multiprocessCompatible":true,"seen":true,"dependencies":[],"hasEmbeddedWebExtension":false,"mpcOptedOut":false,"userPermissions":null,"icons":{},"iconURL":null,"icon64URL":null,"blocklistState":0,"blocklistURL":null}
1521365603054	addons.xpi	DEBUG	Updating XPIState for {"id":"shield-recipe-client@mozilla.org","syncGUID":"{5e6ac3fc-bd32-43cb-bbed-829bc2270eb0}","location":"app-system-defaults","version":"76.1","type":"extension","internalName":null,"updateURL":null,"updateKey":null,"optionsURL":null,"optionsType":null,"aboutURL":null,"defaultLocale":{"name":"Shield Recipe Client","description":"Client to download and run recipes for SHIELD, Heartbeat, etc.","creator":null,"homepageURL":null},"visible":true,"active":true,"userDisabled":false,"appDisabled":false,"installDate":1508561776071,"updateDate":1514510302320,"applyBackgroundUpdates":1,"bootstrap":true,"path":"C:\\Program Files (x86)\\Mozilla Firefox\\browser\\features\\shield-recipe-client@mozilla.org.xpi","skinnable":false,"size":364002,"sourceURI":null,"releaseNotesURI":null,"softDisabled":false,"foreignInstall":false,"hasBinaryComponents":false,"strictCompatibility":false,"locales":[],"targetApplications":[{"id":"{ec8030f7-c20a-464f-9b0e-13a3a9e97384}","minVersion":"57.0.3","maxVersion":"57.*"}],"targetPlatforms":[],"multiprocessCompatible":true,"seen":true,"dependencies":[],"hasEmbeddedWebExtension":false,"mpcOptedOut":false,"userPermissions":null,"icons":{},"iconURL":null,"icon64URL":null,"blocklistState":0,"blocklistURL":null}
1521365603054	addons.xpi	DEBUG	Updating XPIState for {"id":"{972ce4c6-7e08-4474-a285-3208198ce6fd}","syncGUID":"{d8a10551-6766-4533-a6dd-38dff2b1a872}","location":"app-global","version":"57.0.3","type":"theme","internalName":"classic/1.0","updateURL":null,"updateKey":null,"optionsURL":null,"optionsType":null,"optionsBrowserStyle":null,"aboutURL":null,"defaultLocale":{"name":"Default","description":"The default theme.","creator":"Mozilla","homepageURL":null,"contributors":["Mozilla Contributors"]},"visible":true,"active":true,"userDisabled":false,"appDisabled":false,"installDate":1498673628608,"updateDate":1514510302378,"applyBackgroundUpdates":1,"path":"C:\\Program Files (x86)\\Mozilla Firefox\\browser\\extensions\\{972ce4c6-7e08-4474-a285-3208198ce6fd}.xpi","skinnable":true,"size":3354,"sourceURI":null,"releaseNotesURI":null,"softDisabled":false,"foreignInstall":false,"hasBinaryComponents":false,"strictCompatibility":true,"locales":[],"targetApplications":[{"id":"{ec8030f7-c20a-464f-9b0e-13a3a9e97384}","minVersion":"57.0.3","maxVersion":"57.0.3"}],"targetPlatforms":[],"seen":true,"dependencies":[],"hasEmbeddedWebExtension":false,"userPermissions":null,"icons":{},"iconURL":"chrome://browser/content/default-theme-icon.svg","icon64URL":null,"blocklistState":0,"blocklistURL":null}
1521365603054	DeferredSave.extensions.json	DEBUG	Save changes
1521365603054	addons.xpi	DEBUG	Updating database with changes to installed add-ons
1521365603054	addons.xpi-utils	DEBUG	Updating add-on states
1521365603059	addons.xpi	DEBUG	Registering manifest for C:\Program Files (x86)\Mozilla Firefox\browser\features\activity-stream@mozilla.org.xpi
1521365603060	addons.xpi	DEBUG	Calling bootstrap method startup on activity-stream@mozilla.org version 2017.11.07.1100-7f4e3634
1521365603060	addons.xpi	DEBUG	Registering manifest for C:\Program Files (x86)\Mozilla Firefox\browser\features\aushelper@mozilla.org.xpi
1521365603061	addons.xpi	DEBUG	Calling bootstrap method startup on aushelper@mozilla.org version 2.0
1521365603062	addons.xpi	DEBUG	Calling bootstrap method startup on coba@mozilla.com.cn version 4.57
1521365603064	addons.xpi	DEBUG	Registering manifest for C:\Program Files (x86)\Mozilla Firefox\browser\features\e10srollout@mozilla.org.xpi
1521365603064	addons.xpi	DEBUG	Calling bootstrap method startup on e10srollout@mozilla.org version 3.05
1521365603064	addons.xpi	DEBUG	Registering manifest for C:\Program Files (x86)\Mozilla Firefox\browser\features\firefox@getpocket.com.xpi
1521365603065	addons.xpi	DEBUG	Calling bootstrap method startup on firefox@getpocket.com version 1.0.5
1521365603072	addons.xpi	DEBUG	Registering manifest for C:\Program Files (x86)\Mozilla Firefox\browser\features\followonsearch@mozilla.com.xpi
1521365603072	addons.xpi	DEBUG	Calling bootstrap method startup on followonsearch@mozilla.com version 0.9.6
1521365603072	addons.xpi	DEBUG	Registering manifest for C:\Program Files (x86)\Mozilla Firefox\browser\features\formautofill@mozilla.org.xpi
1521365603073	addons.xpi	DEBUG	Calling bootstrap method startup on formautofill@mozilla.org version 1.0
1521365603073	addons.xpi	DEBUG	Registering manifest for C:\Program Files (x86)\Mozilla Firefox\browser\features\onboarding@mozilla.org.xpi
1521365603074	addons.xpi	DEBUG	Calling bootstrap method startup on onboarding@mozilla.org version 1.0
1521365603074	addons.xpi	DEBUG	Registering manifest for C:\Program Files (x86)\Mozilla Firefox\browser\features\screenshots@mozilla.org.xpi
1521365603074	addons.xpi	DEBUG	Calling bootstrap method startup on screenshots@mozilla.org version 19.2.0
1521365603075	addons.xpi	DEBUG	Registering manifest for C:\Program Files (x86)\Mozilla Firefox\browser\features\shield-recipe-client@mozilla.org.xpi
1521365603076	addons.xpi	DEBUG	Calling bootstrap method startup on shield-recipe-client@mozilla.org version 76.1
1521365603077	addons.xpi	DEBUG	Registering manifest for C:\Program Files (x86)\Mozilla Firefox\browser\features\webcompat@mozilla.org.xpi
1521365603078	addons.xpi	DEBUG	Calling bootstrap method startup on webcompat@mozilla.org version 1.1
1521365603078	addons.xpi	DEBUG	Calling bootstrap method startup on wx-assistant@mozillaonline.com version 2.0.2
1521365603081	addons.manager	DEBUG	Registering shutdown blocker for XPIProvider
1521365603081	addons.manager	DEBUG	Provider finished startup: XPIProvider
1521365603081	addons.manager	DEBUG	Starting provider: LightweightThemeManager
1521365603081	addons.manager	DEBUG	Registering shutdown blocker for LightweightThemeManager
1521365603081	addons.manager	DEBUG	Provider finished startup: LightweightThemeManager
1521365603081	addons.manager	DEBUG	Starting provider: GMPProvider
1521365603088	addons.manager	DEBUG	Registering shutdown blocker for GMPProvider
1521365603089	addons.manager	DEBUG	Provider finished startup: GMPProvider
1521365603089	addons.manager	DEBUG	Starting provider: PluginProvider
1521365603089	addons.manager	DEBUG	Registering shutdown blocker for PluginProvider
1521365603089	addons.manager	DEBUG	Provider finished startup: PluginProvider
1521365603090	addons.manager	DEBUG	Completed startup sequence
1521365603169	Marionette	INFO	Enabled via --marionette
1521365603199	addons.xpi	WARN	disabling legacy extension easyscreenshot@mozillaonline.com
1521365603220	addons.xpi	WARN	disabling legacy extension easyscreenshot@mozillaonline.com
1521365603303	addons.manager	DEBUG	Starting provider: PreviousExperimentProvider
1521365603303	addons.manager	DEBUG	Registering shutdown blocker for PreviousExperimentProvider
1521365603303	addons.manager	DEBUG	Provider finished startup: PreviousExperimentProvider
1521365603363	DeferredSave.webext.sc.lz4	DEBUG	Save changes
1521365603365	DeferredSave.webext.sc.lz4	DEBUG	Save changes
1521365603382	DeferredSave.webext.sc.lz4	DEBUG	Save changes
1521365603382	DeferredSave.webext.sc.lz4	DEBUG	Save changes
1521365603386	DeferredSave.webext.sc.lz4	DEBUG	Save changes
1521365603387	DeferredSave.webext.sc.lz4	DEBUG	Save changes
1521365603390	DeferredSave.webext.sc.lz4	DEBUG	Save changes
1521365603390	DeferredSave.webext.sc.lz4	DEBUG	Save changes
1521365603393	DeferredSave.webext.sc.lz4	DEBUG	Save changes
1521365603393	DeferredSave.webext.sc.lz4	DEBUG	Save changes
1521365603449	addons.webextension.wx-assistant@mozillaonline.com	WARN	Please specify whether you want browser_style or not in your browser_action options.
1521365603449	DeferredSave.webext.sc.lz4	DEBUG	Save changes
1521365603450	DeferredSave.webext.sc.lz4	DEBUG	Save changes
1521365604360	addons.xpi	INFO	Mapping coba@mozilla.com.cn to C:\Users\Administrator\AppData\Local\Temp\rust_mozprofile.ouKbu7SoQsLI\extensions\coba@mozilla.com.cn.xpi
1521365604361	addons.xpi	INFO	Mapping easyscreenshot@mozillaonline.com to C:\Users\Administrator\AppData\Local\Temp\rust_mozprofile.ouKbu7SoQsLI\extensions\easyscreenshot@mozillaonline.com.xpi
1521365604361	addons.xpi	INFO	Mapping tabtweak@mozillaonline.com to C:\Users\Administrator\AppData\Local\Temp\rust_mozprofile.ouKbu7SoQsLI\extensions\tabtweak@mozillaonline.com.xpi
1521365604361	addons.xpi	INFO	Mapping wx-assistant@mozillaonline.com to C:\Users\Administrator\AppData\Local\Temp\rust_mozprofile.ouKbu7SoQsLI\extensions\wx-assistant@mozillaonline.com.xpi
1521365604362	addons.xpi	DEBUG	Existing add-on coba@mozilla.com.cn in app-profile
1521365604363	addons.xpi	DEBUG	Existing add-on easyscreenshot@mozillaonline.com in app-profile
1521365604364	addons.xpi	DEBUG	Existing add-on tabtweak@mozillaonline.com in app-profile
1521365604364	addons.xpi	DEBUG	Existing add-on wx-assistant@mozillaonline.com in app-profile
1521365604365	addons.xpi	INFO	Mapping activity-stream@mozilla.org to C:\Program Files (x86)\Mozilla Firefox\browser\features\activity-stream@mozilla.org.xpi
1521365604365	addons.xpi	INFO	Mapping aushelper@mozilla.org to C:\Program Files (x86)\Mozilla Firefox\browser\features\aushelper@mozilla.org.xpi
1521365604365	addons.xpi	INFO	Mapping e10srollout@mozilla.org to C:\Program Files (x86)\Mozilla Firefox\browser\features\e10srollout@mozilla.org.xpi
1521365604365	addons.xpi	INFO	Mapping firefox@getpocket.com to C:\Program Files (x86)\Mozilla Firefox\browser\features\firefox@getpocket.com.xpi
1521365604365	addons.xpi	INFO	Mapping followonsearch@mozilla.com to C:\Program Files (x86)\Mozilla Firefox\browser\features\followonsearch@mozilla.com.xpi
1521365604366	addons.xpi	INFO	Mapping formautofill@mozilla.org to C:\Program Files (x86)\Mozilla Firefox\browser\features\formautofill@mozilla.org.xpi
1521365604366	addons.xpi	INFO	Mapping onboarding@mozilla.org to C:\Program Files (x86)\Mozilla Firefox\browser\features\onboarding@mozilla.org.xpi
1521365604366	addons.xpi	INFO	Mapping screenshots@mozilla.org to C:\Program Files (x86)\Mozilla Firefox\browser\features\screenshots@mozilla.org.xpi
1521365604366	addons.xpi	INFO	Mapping shield-recipe-client@mozilla.org to C:\Program Files (x86)\Mozilla Firefox\browser\features\shield-recipe-client@mozilla.org.xpi
1521365604366	addons.xpi	INFO	Mapping webcompat@mozilla.org to C:\Program Files (x86)\Mozilla Firefox\browser\features\webcompat@mozilla.org.xpi
1521365604367	addons.xpi	DEBUG	Existing add-on activity-stream@mozilla.org in app-system-defaults
1521365604367	addons.xpi	DEBUG	Existing add-on aushelper@mozilla.org in app-system-defaults
1521365604368	addons.xpi	DEBUG	Existing add-on e10srollout@mozilla.org in app-system-defaults
1521365604368	addons.xpi	DEBUG	Existing add-on firefox@getpocket.com in app-system-defaults
1521365604369	addons.xpi	DEBUG	Existing add-on followonsearch@mozilla.com in app-system-defaults
1521365604370	addons.xpi	DEBUG	Existing add-on formautofill@mozilla.org in app-system-defaults
1521365604370	addons.xpi	DEBUG	Existing add-on onboarding@mozilla.org in app-system-defaults
1521365604371	addons.xpi	DEBUG	Existing add-on screenshots@mozilla.org in app-system-defaults
1521365604371	addons.xpi	DEBUG	Existing add-on shield-recipe-client@mozilla.org in app-system-defaults
1521365604372	addons.xpi	DEBUG	Existing add-on webcompat@mozilla.org in app-system-defaults
1521365604373	addons.xpi	INFO	Mapping {972ce4c6-7e08-4474-a285-3208198ce6fd} to C:\Program Files (x86)\Mozilla Firefox\browser\extensions\{972ce4c6-7e08-4474-a285-3208198ce6fd}.xpi
1521365604373	addons.xpi	DEBUG	Existing add-on {972ce4c6-7e08-4474-a285-3208198ce6fd} in app-global
1521365604374	addons.xpi	DEBUG	getInstallState changed: false, state: {}
1521365604503	DeferredSave.webext.sc.lz4	DEBUG	Save changes
1521365604537	DeferredSave.webext.sc.lz4	DEBUG	Save changes
1521365604539	DeferredSave.webext.sc.lz4	DEBUG	Save changes
1521365604543	DeferredSave.webext.sc.lz4	DEBUG	Save changes
1521365604544	DeferredSave.webext.sc.lz4	DEBUG	Save changes
1521365604565	DeferredSave.webext.sc.lz4	DEBUG	Save changes
Unable to read VR Path Registry from C:\Users\Administrator\AppData\Local\openvr\openvrpaths.vrpath
[Parent 7608, Gecko_IOThread] WARNING: pipe error: 109: file z:/build/build/src/ipc/chromium/src/chrome/common/ipc_channel_win.cc, line 346
Unable to read VR Path Registry from C:\Users\Administrator\AppData\Local\openvr\openvrpaths.vrpath
[Child 13392, Chrome_ChildThread] WARNING: pipe error: 109: file z:/build/build/src/ipc/chromium/src/chrome/common/ipc_channel_win.cc, line 346
[Child 13392, Chrome_ChildThread] WARNING: pipe error: 109: file z:/build/build/src/ipc/chromium/src/chrome/common/ipc_channel_win.cc, line 346
1521365604791	DeferredSave.extensions.json	DEBUG	Starting write
1521365604805	DeferredSave.extensions.json	DEBUG	Write succeeded
1521365605117	Marionette	INFO	Listening on port 54859
1521365605604	Marionette	WARN	TLS certificate errors will be ignored for this session
1521365605691	Marionette	DEBUG	Register listener.js for window 6442450945
1521365605734	Marionette	DEBUG	Received DOM event "beforeunload" for "about:blank"
1521365605831	Marionette	DEBUG	Received DOM event "pagehide" for "about:blank"
1521365605832	Marionette	DEBUG	Received DOM event "unload" for "about:blank"
1521365606117	Marionette	DEBUG	Received DOM event "DOMContentLoaded" for "https://www.baidu.com/"
1521365606289	Marionette	DEBUG	Received DOM event "pageshow" for "https://www.baidu.com/"
Unable to read VR Path Registry from C:\Users\Administrator\AppData\Local\openvr\openvrpaths.vrpath
JavaScript error: https://sp0.baidu.com/5a1Fazu8AA54nxGko9WTAnF6hhy/su?wd=sele&json=1&p=3&sid=1435_19033_21102_17001_20718&req=2&csor=4&pwd=sel&cb=jQuery110204676643292316417_1521365606012&_=1521365606017, line 1: TypeError: jQuery110204676643292316417_1521365606012 is not a function
JavaScript error: https://sp0.baidu.com/5a1Fazu8AA54nxGko9WTAnF6hhy/su?wd=selen&json=1&p=3&sid=1435_19033_21102_17001_20718&req=2&csor=5&pwd=sele&cb=jQuery110204676643292316417_1521365606012&_=1521365606018, line 1: TypeError: jQuery110204676643292316417_1521365606012 is not a function
JavaScript error: https://sp0.baidu.com/5a1Fazu8AA54nxGko9WTAnF6hhy/su?wd=seleni&json=1&p=3&sid=1435_19033_21102_17001_20718&req=2&csor=6&pwd=selen&cb=jQuery110204676643292316417_1521365606012&_=1521365606019, line 1: TypeError: jQuery110204676643292316417_1521365606012 is not a function
1521365606670	Marionette	DEBUG	Received DOM event "beforeunload" for "https://www.baidu.com/s?ie=utf-8&f=8&rsv_bp=0&rsv_idx=1&tn=baidu&wd=selenium&rsv_pq=8ccac6ff0002252d&rsv_t=d0deLOuGYNIqxdB7Uh7Po%2BYdM331HLxvhSllGQu%2Fk%2FG%2BcukcwiruIo7ZJgQ&rqlang=cn&rsv_enter=0&rsv_sug3=8&rsv_sug1=1&rsv_sug7=100&inputT=253&rsv_sug4=253"
1521365606726	Marionette	DEBUG	Received DOM event "pagehide" for "https://www.baidu.com/s?ie=utf-8&f=8&rsv_bp=0&rsv_idx=1&tn=baidu&wd=selenium&rsv_pq=8ccac6ff0002252d&rsv_t=d0deLOuGYNIqxdB7Uh7Po%2BYdM331HLxvhSllGQu%2Fk%2FG%2BcukcwiruIo7ZJgQ&rqlang=cn&rsv_enter=0&rsv_sug3=8&rsv_sug1=1&rsv_sug7=100&inputT=253&rsv_sug4=253"
1521365606727	Marionette	DEBUG	Received DOM event "unload" for "https://www.baidu.com/s?ie=utf-8&f=8&rsv_bp=0&rsv_idx=1&tn=baidu&wd=selenium&rsv_pq=8ccac6ff0002252d&rsv_t=d0deLOuGYNIqxdB7Uh7Po%2BYdM331HLxvhSllGQu%2Fk%2FG%2BcukcwiruIo7ZJgQ&rqlang=cn&rsv_enter=0&rsv_sug3=8&rsv_sug1=1&rsv_sug7=100&inputT=253&rsv_sug4=253"
1521365606737	Marionette	DEBUG	Received DOM event "pageshow" for "https://www.baidu.com/s?ie=utf-8&f=8&rsv_bp=0&rsv_idx=1&tn=baidu&wd=selenium&rsv_pq=8ccac6ff0002252d&rsv_t=d0deLOuGYNIqxdB7Uh7Po%2BYdM331HLxvhSllGQu%2Fk%2FG%2BcukcwiruIo7ZJgQ&rqlang=cn&rsv_enter=0&rsv_sug3=8&rsv_sug1=1&rsv_sug7=100&inputT=253&rsv_sug4=253&__eis=1&__eist=260"
1521365606739	Marionette	DEBUG	Received DOM event "DOMContentLoaded" for "https://www.baidu.com/s?ie=utf-8&f=8&rsv_bp=0&rsv_idx=1&tn=baidu&wd=selenium&rsv_pq=8ccac6ff0002252d&rsv_t=d0deLOuGYNIqxdB7Uh7Po%2BYdM331HLxvhSllGQu%2Fk%2FG%2BcukcwiruIo7ZJgQ&rqlang=cn&rsv_enter=0&rsv_sug3=8&rsv_sug1=1&rsv_sug7=100&inputT=253&rsv_sug4=253&__eis=1&__eist=260"
1521365606746	Marionette	DEBUG	Received DOM event "DOMContentLoaded" for "data:text/html;base64,PGh0bWw+PG1ldGEgaHR0cC1lcXVpdj0iUmVmcmVzaCIgY29udGVudD0iMDtodHRwczovL3d3dy5iYWlkdS5jb20vcz93ZD1zZWxlbml1bSZpZT11dGYtOCZ0bj05NTY2MjAwM19oYW9fcGciLz48L2h0bWw+"
1521365606748	Marionette	DEBUG	Received DOM event "pageshow" for "data:text/html;base64,PGh0bWw+PG1ldGEgaHR0cC1lcXVpdj0iUmVmcmVzaCIgY29udGVudD0iMDtodHRwczovL3d3dy5iYWlkdS5jb20vcz93ZD1zZWxlbml1bSZpZT11dGYtOCZ0bj05NTY2MjAwM19oYW9fcGciLz48L2h0bWw+"
1521365607741	DeferredSave.webext.sc.lz4	DEBUG	Starting write
1521365607751	DeferredSave.webext.sc.lz4	DEBUG	Write succeeded
1521365614224	addons.xpi	DEBUG	Calling bootstrap method shutdown on wx-assistant@mozillaonline.com version 2.0.2
1521365614230	addons.xpi	DEBUG	Calling bootstrap method shutdown on webcompat@mozilla.org version 1.1
1521365614231	addons.xpi	DEBUG	Calling bootstrap method shutdown on shield-recipe-client@mozilla.org version 76.1
1521365614234	addons.xpi	DEBUG	Calling bootstrap method shutdown on screenshots@mozilla.org version 19.2.0
1521365614240	addons.xpi	DEBUG	Calling bootstrap method shutdown on onboarding@mozilla.org version 1.0
1521365614241	addons.xpi	DEBUG	Calling bootstrap method shutdown on formautofill@mozilla.org version 1.0
1521365614242	addons.xpi	DEBUG	Calling bootstrap method shutdown on followonsearch@mozilla.com version 0.9.6
1521365614242	addons.xpi	DEBUG	Calling bootstrap method shutdown on firefox@getpocket.com version 1.0.5
1521365614243	addons.xpi	DEBUG	Calling bootstrap method shutdown on e10srollout@mozilla.org version 3.05
1521365614244	addons.xpi	DEBUG	Calling bootstrap method shutdown on coba@mozilla.com.cn version 4.57
1521365614248	addons.xpi	DEBUG	Calling bootstrap method shutdown on aushelper@mozilla.org version 2.0
1521365614249	addons.xpi	DEBUG	Calling bootstrap method shutdown on activity-stream@mozilla.org version 2017.11.07.1100-7f4e3634
JavaScript error: chrome://browser/content/browser.js, line 8383: TypeError: gBrowser.tabContainer is undefined
[Parent 7608, Gecko_IOThread] WARNING: pipe error: 109: file z:/build/build/src/ipc/chromium/src/chrome/common/ipc_channel_win.cc, line 346
Unable to read VR Path Registry from C:\Users\Administrator\AppData\Local\openvr\openvrpaths.vrpath
[Child 13872, Chrome_ChildThread] WARNING: pipe error: 109: file z:/build/build/src/ipc/chromium/src/chrome/common/ipc_channel_win.cc, line 346
[Child 13684, Chrome_ChildThread] WARNING: pipe error: 109: file z:/build/build/src/ipc/chromium/src/chrome/common/ipc_channel_win.cc, line 346
1521365614359	addons.manager	DEBUG	shutdown
1521365614359	addons.manager	DEBUG	Calling shutdown blocker for XPIProvider
1521365614359	addons.xpi	DEBUG	shutdown
1521365614360	addons.xpi-utils	DEBUG	shutdown
1521365614360	addons.manager	DEBUG	Calling shutdown blocker for LightweightThemeManager
1521365614360	addons.manager	DEBUG	Calling shutdown blocker for GMPProvider
1521365614360	addons.manager	DEBUG	Calling shutdown blocker for PluginProvider
1521365614361	addons.manager	DEBUG	Calling shutdown blocker for PreviousExperimentProvider
1521365614367	addons.manager	DEBUG	Async provider shutdown done
*** UTM:SVC TimerManager:registerTimer called after profile-before-change notification. Ignoring timer registration for id: telemetry_modules_ping
Unable to read VR Path Registry from C:\Users\Administrator\AppData\Local\openvr\openvrpaths.vrpath
[GPU 10388, Chrome_ChildThread] WARNING: pipe error: 109: file z:/build/build/src/ipc/chromium/src/chrome/common/ipc_channel_win.cc, line 346

###!!! [Child][MessageChannel::SendAndWait] Error: Channel error: cannot send/recv

